[morph-start] ink=0.2457 mambo=6 initLoss=0.0253 level=0
2026-03-03T07:33:54.976Z | fps:0.2 | update:0.00ms | render:1.90ms | loss:0.20ms | stroke:692.8 | ratio:6.761 | ink:0.2457 | maskedLoss:0.0253 | excess:164.107 | morphing:true
[target-loaded] mambo=1 scale=0.76 offset=(53,9) size=39x41 fullMamboBlack=243.2
[timer-start] duration=40.1s
[init] field=120x54
[solve] ratio:0.0000 loss:0.000000 excess:0.000
2026-03-03T07:33:56.666Z | fps:38.4 | update:0.00ms | render:9.10ms | loss:4.10ms | stroke:0.0 | ratio:0.000 | ink:0.0000 | maskedLoss:0.0000 | excess:0.000 | morphing:false
[solve] ratio:0.0000 loss:0.000000 excess:0.000
2026-03-03T07:33:57.667Z | fps:40.0 | update:0.00ms | render:7.80ms | loss:2.80ms | stroke:0.0 | ratio:0.000 | ink:0.0177 | maskedLoss:0.0083 | excess:53.673 | morphing:false
[solve] ratio:0.2355 loss:0.000000 excess:0.000
2026-03-03T07:33:58.692Z | fps:40.0 | update:0.00ms | render:7.00ms | loss:1.80ms | stroke:57.3 | ratio:0.236 | ink:0.0187 | maskedLoss:0.0000 | excess:0.000 | morphing:false
2026-03-03T07:33:59.693Z | fps:40.0 | update:0.00ms | render:6.10ms | loss:1.20ms | stroke:57.3 | ratio:0.236 | ink:0.0729 | maskedLoss:0.0331 | excess:214.682 | morphing:false
[solve] ratio:1.1184 loss:0.000000 excess:0.000
2026-03-03T07:34:00.718Z | fps:40.0 | update:0.00ms | render:7.00ms | loss:1.60ms | stroke:272.0 | ratio:1.118 | ink:0.0729 | maskedLoss:0.0000 | excess:0.000 | morphing:false
2026-03-03T07:34:01.718Z | fps:40.0 | update:0.00ms | render:5.70ms | loss:1.70ms | stroke:272.0 | ratio:1.118 | ink:0.1877 | maskedLoss:0.0736 | excess:476.863 | morphing:false
[solve] ratio:3.0795 loss:0.000000 excess:0.000
2026-03-03T07:34:02.718Z | fps:40.0 | update:0.00ms | render:6.70ms | loss:1.40ms | stroke:748.8 | ratio:3.079 | ink:0.1896 | maskedLoss:0.0044 | excess:28.635 | morphing:false
2026-03-03T07:34:03.719Z | fps:40.0 | update:0.00ms | render:7.30ms | loss:1.70ms | stroke:748.8 | ratio:3.079 | ink:0.2082 | maskedLoss:0.0344 | excess:222.641 | morphing:false
[solve] ratio:2.9640 loss:0.000000 excess:0.000
[target-loaded] mambo=3 scale=0.79 offset=(47,5) size=32x43 fullMamboBlack=545.6
[timer-start] duration=37.7s
[init] field=120x54
2026-03-03T07:34:05.694Z | fps:40.2 | update:0.00ms | render:8.30ms | loss:4.40ms | stroke:0.0 | ratio:0.000 | ink:0.0000 | maskedLoss:0.0000 | excess:0.000 | morphing:false
2026-03-03T07:34:06.695Z | fps:40.0 | update:0.00ms | render:7.20ms | loss:2.10ms | stroke:0.0 | ratio:0.000 | ink:0.0743 | maskedLoss:0.0353 | excess:229.016 | morphing:false
[solve] ratio:0.4198 loss:0.000000 excess:0.000
2026-03-03T07:34:07.720Z | fps:40.0 | update:0.00ms | render:6.60ms | loss:1.90ms | stroke:229.0 | ratio:0.420 | ink:0.0743 | maskedLoss:0.0000 | excess:0.000 | morphing:false
2026-03-03T07:34:08.720Z | fps:40.0 | update:0.00ms | render:7.60ms | loss:1.20ms | stroke:229.0 | ratio:0.420 | ink:0.0743 | maskedLoss:0.0000 | excess:0.000 | morphing:false
2026-03-03T07:34:22.533Z | fps:0.2 | update:0.00ms | render:0.50ms | loss:0.10ms | stroke:229.0 | ratio:0.420 | ink:0.0743 | maskedLoss:0.0000 | excess:0.000 | morphing:false
2026-03-03T07:34:23.551Z | fps:40.3 | update:0.00ms | render:4.70ms | loss:1.20ms | stroke:229.0 | ratio:0.420 | ink:0.0981 | maskedLoss:0.0192 | excess:124.412 | morphing:false
2026-03-03T07:34:24.551Z | fps:40.0 | update:0.00ms | render:5.20ms | loss:1.60ms | stroke:229.0 | ratio:0.420 | ink:0.1068 | maskedLoss:0.0255 | excess:165.167 | morphing:false
[solve] ratio:0.7225 loss:0.000000 excess:0.000
2026-03-03T07:34:25.552Z | fps:40.0 | update:0.00ms | render:4.90ms | loss:1.60ms | stroke:394.2 | ratio:0.723 | ink:0.1068 | maskedLoss:0.0000 | excess:0.000 | morphing:false
[target-loaded] mambo=5 scale=0.82 offset=(45,0) size=33x44 fullMamboBlack=473.1
[timer-start] duration=52.0s
[init] field=120x54
2026-03-03T07:34:27.427Z | fps:39.8 | update:0.00ms | render:9.10ms | loss:4.90ms | stroke:0.0 | ratio:0.000 | ink:0.0447 | maskedLoss:0.0224 | excess:145.356 | morphing:false
2026-03-03T07:34:28.428Z | fps:40.0 | update:0.00ms | render:6.80ms | loss:1.10ms | stroke:0.0 | ratio:0.000 | ink:0.0736 | maskedLoss:0.0364 | excess:235.789 | morphing:false
[solve] ratio:0.4984 loss:0.000000 excess:0.000
2026-03-03T07:34:29.429Z | fps:40.0 | update:0.00ms | render:6.30ms | loss:2.00ms | stroke:235.8 | ratio:0.498 | ink:0.0736 | maskedLoss:0.0000 | excess:0.000 | morphing:false
2026-03-03T07:34:30.454Z | fps:40.0 | update:0.00ms | render:7.10ms | loss:2.50ms | stroke:235.8 | ratio:0.498 | ink:0.0979 | maskedLoss:0.0163 | excess:105.931 | morphing:false
2026-03-03T07:34:31.455Z | fps:40.0 | update:0.00ms | render:7.90ms | loss:2.10ms | stroke:235.8 | ratio:0.498 | ink:0.1326 | maskedLoss:0.0416 | excess:269.478 | morphing:false
[solve] ratio:1.0681 loss:0.000000 excess:0.000
2026-03-03T07:34:32.480Z | fps:40.0 | update:0.00ms | render:6.60ms | loss:2.00ms | stroke:505.3 | ratio:1.068 | ink:0.1426 | maskedLoss:0.0083 | excess:54.028 | morphing:false
2026-03-03T07:34:33.480Z | fps:40.0 | update:0.00ms | render:5.70ms | loss:1.50ms | stroke:505.3 | ratio:1.068 | ink:0.1524 | maskedLoss:0.0187 | excess:121.457 | morphing:false
2026-03-03T07:34:34.481Z | fps:27.0 | update:0.00ms | render:3.60ms | loss:1.70ms | stroke:505.3 | ratio:1.068 | ink:0.1524 | maskedLoss:0.0187 | excess:121.457 | morphing:false
2026-03-03T07:34:35.506Z | fps:40.0 | update:0.00ms | render:5.90ms | loss:1.70ms | stroke:505.3 | ratio:1.068 | ink:0.1524 | maskedLoss:0.0187 | excess:121.457 | morphing:false
2026-03-03T07:34:36.506Z | fps:40.0 | update:0.00ms | render:6.40ms | loss:2.70ms | stroke:505.3 | ratio:1.068 | ink:0.1524 | maskedLoss:0.0187 | excess:121.457 | morphing:false
2026-03-03T07:34:37.507Z | fps:40.0 | update:0.00ms | render:5.50ms | loss:1.80ms | stroke:505.3 | ratio:1.068 | ink:0.1574 | maskedLoss:0.0215 | excess:139.346 | morphing:false
2026-03-03T07:34:38.507Z | fps:40.0 | update:0.00ms | render:5.70ms | loss:2.00ms | stroke:505.3 | ratio:1.068 | ink:0.1624 | maskedLoss:0.0257 | excess:166.657 | morphing:false
2026-03-03T07:34:39.507Z | fps:40.0 | update:0.00ms | render:5.60ms | loss:1.90ms | stroke:505.3 | ratio:1.068 | ink:0.1624 | maskedLoss:0.0257 | excess:166.657 | morphing:false
2026-03-03T07:34:40.508Z | fps:40.0 | update:0.00ms | render:6.50ms | loss:2.20ms | stroke:505.3 | ratio:1.068 | ink:0.1624 | maskedLoss:0.0257 | excess:166.657 | morphing:false
2026-03-03T07:34:51.995Z | fps:1.7 | update:0.00ms | render:3.00ms | loss:1.20ms | stroke:505.3 | ratio:1.068 | ink:0.1624 | maskedLoss:0.0257 | excess:166.657 | morphing:false
2026-03-03T07:34:53.013Z | fps:40.2 | update:0.00ms | render:5.90ms | loss:2.20ms | stroke:505.3 | ratio:1.068 | ink:0.1651 | maskedLoss:0.0269 | excess:174.319 | morphing:false
2026-03-03T07:34:54.037Z | fps:40.0 | update:0.00ms | render:5.80ms | loss:1.80ms | stroke:505.3 | ratio:1.068 | ink:0.2095 | maskedLoss:0.0534 | excess:345.804 | morphing:false
2026-03-03T07:34:55.038Z | fps:40.0 | update:0.00ms | render:4.90ms | loss:2.40ms | stroke:505.3 | ratio:1.068 | ink:0.2131 | maskedLoss:0.0587 | excess:380.479 | morphing:false
2026-03-03T07:34:56.064Z | fps:40.0 | update:0.00ms | render:4.90ms | loss:1.60ms | stroke:505.3 | ratio:1.068 | ink:0.2131 | maskedLoss:0.0587 | excess:380.479 | morphing:false
2026-03-03T07:34:57.064Z | fps:40.0 | update:0.00ms | render:5.40ms | loss:1.00ms | stroke:505.3 | ratio:1.068 | ink:0.2131 | maskedLoss:0.0587 | excess:380.479 | morphing:false
2026-03-03T07:34:58.089Z | fps:40.0 | update:0.00ms | render:6.30ms | loss:2.30ms | stroke:505.3 | ratio:1.068 | ink:0.2131 | maskedLoss:0.0587 | excess:380.479 | morphing:false
2026-03-03T07:35:00.161Z | fps:15.9 | update:0.00ms | render:3.90ms | loss:1.60ms | stroke:505.3 | ratio:1.068 | ink:0.2131 | maskedLoss:0.0587 | excess:380.479 | morphing:false
2026-03-03T07:35:01.165Z | fps:40.8 | update:0.00ms | render:6.00ms | loss:2.00ms | stroke:505.3 | ratio:1.068 | ink:0.2131 | maskedLoss:0.0587 | excess:380.479 | morphing:false
2026-03-03T07:35:02.165Z | fps:40.0 | update:0.00ms | render:6.00ms | loss:2.30ms | stroke:505.3 | ratio:1.068 | ink:0.2131 | maskedLoss:0.0587 | excess:380.479 | morphing:false
2026-03-03T07:35:03.166Z | fps:40.0 | update:0.00ms | render:6.30ms | loss:2.00ms | stroke:505.3 | ratio:1.068 | ink:0.2131 | maskedLoss:0.0587 | excess:380.479 | morphing:false
2026-03-03T07:35:04.166Z | fps:32.0 | update:0.00ms | render:4.00ms | loss:0.90ms | stroke:505.3 | ratio:1.068 | ink:0.2131 | maskedLoss:0.0587 | excess:380.479 | morphing:false
2026-03-03T07:35:05.167Z | fps:40.0 | update:0.00ms | render:4.60ms | loss:1.60ms | stroke:505.3 | ratio:1.068 | ink:0.2131 | maskedLoss:0.0587 | excess:380.479 | morphing:false
[target-loaded] mambo=4 scale=0.74 offset=(14,13) size=40x40 fullMamboBlack=1216.5
[timer-start] duration=38.2s
[init] field=120x54
2026-03-03T07:35:42.906Z | fps:0.0 | update:0.00ms | render:2.90ms | loss:5.90ms | stroke:0.0 | ratio:0.000 | ink:0.0000 | maskedLoss:0.0000 | excess:0.000 | morphing:false
2026-03-03T07:35:44.283Z | fps:23.2 | update:0.00ms | render:8.70ms | loss:2.10ms | stroke:0.0 | ratio:0.000 | ink:0.0000 | maskedLoss:0.0000 | excess:0.000 | morphing:false
2026-03-03T07:35:45.307Z | fps:40.0 | update:0.00ms | render:5.90ms | loss:2.40ms | stroke:0.0 | ratio:0.000 | ink:0.0000 | maskedLoss:0.0000 | excess:0.000 | morphing:false
[target-loaded] mambo=0 scale=0.77 offset=(4,1) size=42x42 fullMamboBlack=795.6
[timer-start] duration=41.7s
[init] field=120x54
2026-03-03T07:35:46.733Z | fps:41.8 | update:0.00ms | render:11.10ms | loss:4.10ms | stroke:0.0 | ratio:0.000 | ink:0.0301 | maskedLoss:0.0179 | excess:115.881 | morphing:false
2026-03-03T07:35:47.733Z | fps:40.0 | update:0.00ms | render:7.00ms | loss:0.90ms | stroke:0.0 | ratio:0.000 | ink:0.0547 | maskedLoss:0.0361 | excess:233.766 | morphing:false
2026-03-03T07:35:48.734Z | fps:40.0 | update:0.00ms | render:5.60ms | loss:1.30ms | stroke:0.0 | ratio:0.000 | ink:0.0575 | maskedLoss:0.0373 | excess:241.395 | morphing:false
2026-03-03T07:35:49.759Z | fps:40.0 | update:0.00ms | render:5.70ms | loss:0.80ms | stroke:0.0 | ratio:0.000 | ink:0.1007 | maskedLoss:0.0643 | excess:416.824 | morphing:false
2026-03-03T07:35:50.759Z | fps:40.0 | update:0.00ms | render:6.20ms | loss:1.00ms | stroke:0.0 | ratio:0.000 | ink:0.1023 | maskedLoss:0.0665 | excess:431.131 | morphing:false
[target-loaded] mambo=0 scale=0.70 offset=(72,6) size=38x38 fullMamboBlack=652.5
[timer-start] duration=54.4s
[init] field=120x54
2026-03-03T07:35:52.710Z | fps:40.4 | update:0.00ms | render:8.70ms | loss:3.10ms | stroke:0.0 | ratio:0.000 | ink:0.0158 | maskedLoss:0.0078 | excess:50.699 | morphing:false
2026-03-03T07:35:53.710Z | fps:40.0 | update:0.00ms | render:4.80ms | loss:1.60ms | stroke:0.0 | ratio:0.000 | ink:0.0454 | maskedLoss:0.0250 | excess:161.764 | morphing:false
2026-03-03T07:35:54.710Z | fps:40.0 | update:0.00ms | render:5.10ms | loss:1.20ms | stroke:0.0 | ratio:0.000 | ink:0.0571 | maskedLoss:0.0346 | excess:224.182 | morphing:false
2026-03-03T07:35:55.711Z | fps:40.0 | update:0.00ms | render:6.10ms | loss:1.50ms | stroke:0.0 | ratio:0.000 | ink:0.0759 | maskedLoss:0.0500 | excess:323.894 | morphing:false
2026-03-03T07:35:56.711Z | fps:40.0 | update:0.00ms | render:6.50ms | loss:0.70ms | stroke:0.0 | ratio:0.000 | ink:0.0917 | maskedLoss:0.0612 | excess:396.898 | morphing:false
2026-03-03T07:35:57.712Z | fps:40.0 | update:0.00ms | render:5.70ms | loss:1.20ms | stroke:0.0 | ratio:0.000 | ink:0.1029 | maskedLoss:0.0689 | excess:446.361 | morphing:false
2026-03-03T07:35:58.712Z | fps:40.0 | update:0.00ms | render:7.10ms | loss:1.50ms | stroke:0.0 | ratio:0.000 | ink:0.1238 | maskedLoss:0.0833 | excess:539.540 | morphing:false
2026-03-03T07:35:59.713Z | fps:40.0 | update:0.00ms | render:6.10ms | loss:1.40ms | stroke:0.0 | ratio:0.000 | ink:0.1238 | maskedLoss:0.0833 | excess:539.540 | morphing:false
2026-03-03T07:36:00.713Z | fps:40.0 | update:0.00ms | render:6.20ms | loss:1.40ms | stroke:0.0 | ratio:0.000 | ink:0.1486 | maskedLoss:0.0999 | excess:647.274 | morphing:false
2026-03-03T07:36:01.713Z | fps:40.0 | update:0.00ms | render:6.50ms | loss:2.10ms | stroke:0.0 | ratio:0.000 | ink:0.1525 | maskedLoss:0.1052 | excess:681.528 | morphing:false
2026-03-03T07:36:02.714Z | fps:40.0 | update:0.00ms | render:6.50ms | loss:1.10ms | stroke:0.0 | ratio:0.000 | ink:0.1525 | maskedLoss:0.1052 | excess:681.528 | morphing:false
2026-03-03T07:36:03.716Z | fps:39.9 | update:0.00ms | render:5.80ms | loss:1.50ms | stroke:0.0 | ratio:0.000 | ink:0.1525 | maskedLoss:0.1052 | excess:681.528 | morphing:false
2026-03-03T07:36:38.533Z | fps:0.4 | update:0.00ms | render:3.00ms | loss:0.30ms | stroke:0.0 | ratio:0.000 | ink:0.1525 | maskedLoss:0.1052 | excess:681.528 | morphing:false
2026-03-03T07:36:39.552Z | fps:8.8 | update:0.00ms | render:1.10ms | loss:0.00ms | stroke:0.0 | ratio:0.000 | ink:0.1525 | maskedLoss:0.1052 | excess:681.528 | morphing:false
2026-03-03T07:36:40.553Z | fps:40.0 | update:0.00ms | render:5.60ms | loss:1.40ms | stroke:0.0 | ratio:0.000 | ink:0.1525 | maskedLoss:0.1052 | excess:681.528 | morphing:false
2026-03-03T07:36:41.553Z | fps:40.0 | update:0.00ms | render:5.00ms | loss:1.30ms | stroke:0.0 | ratio:0.000 | ink:0.1525 | maskedLoss:0.1052 | excess:681.528 | morphing:false
2026-03-03T07:36:42.554Z | fps:40.0 | update:0.00ms | render:6.30ms | loss:1.90ms | stroke:0.0 | ratio:0.000 | ink:0.1525 | maskedLoss:0.1052 | excess:681.528 | morphing:false
2026-03-03T07:36:43.579Z | fps:40.0 | update:0.00ms | render:5.40ms | loss:1.00ms | stroke:0.0 | ratio:0.000 | ink:0.1525 | maskedLoss:0.1052 | excess:681.528 | morphing:false
[morph-start] ink=0.1525 mambo=0 initLoss=0.1052 level=0
2026-03-03T07:36:50.107Z | fps:5.4 | update:0.00ms | render:4.20ms | loss:1.30ms | stroke:0.0 | ratio:0.000 | ink:0.1525 | maskedLoss:0.1052 | excess:681.528 | morphing:true
2026-03-03T07:36:51.110Z | fps:39.9 | update:0.00ms | render:5.10ms | loss:2.20ms | stroke:590.1 | ratio:0.904 | ink:0.1525 | maskedLoss:0.1310 | excess:431.007 | morphing:true
2026-03-03T07:36:52.132Z | fps:40.1 | update:0.00ms | render:5.80ms | loss:2.70ms | stroke:558.6 | ratio:0.856 | ink:0.1525 | maskedLoss:0.1202 | excess:396.593 | morphing:true
2026-03-03T07:36:53.133Z | fps:40.0 | update:0.00ms | render:5.50ms | loss:1.80ms | stroke:524.9 | ratio:0.804 | ink:0.1525 | maskedLoss:0.1099 | excess:362.814 | morphing:true
2026-03-03T07:36:54.134Z | fps:40.0 | update:0.00ms | render:6.20ms | loss:2.00ms | stroke:482.0 | ratio:0.739 | ink:0.1525 | maskedLoss:0.0986 | excess:325.683 | morphing:true
2026-03-03T07:36:55.159Z | fps:40.0 | update:0.00ms | render:6.30ms | loss:2.00ms | stroke:441.6 | ratio:0.677 | ink:0.1525 | maskedLoss:0.0883 | excess:291.683 | morphing:true
2026-03-03T07:36:56.159Z | fps:40.0 | update:0.00ms | render:6.30ms | loss:1.60ms | stroke:406.1 | ratio:0.622 | ink:0.1525 | maskedLoss:0.0793 | excess:262.248 | morphing:true
2026-03-03T07:36:57.160Z | fps:40.0 | update:0.00ms | render:7.60ms | loss:2.30ms | stroke:389.1 | ratio:0.596 | ink:0.1525 | maskedLoss:0.0741 | excess:245.131 | morphing:true
2026-03-03T07:36:58.185Z | fps:40.0 | update:0.00ms | render:6.30ms | loss:2.40ms | stroke:374.0 | ratio:0.573 | ink:0.1525 | maskedLoss:0.0698 | excess:230.963 | morphing:true
2026-03-03T07:36:59.212Z | fps:39.9 | update:0.00ms | render:6.80ms | loss:1.70ms | stroke:365.3 | ratio:0.560 | ink:0.1525 | maskedLoss:0.0666 | excess:219.792 | morphing:true
2026-03-03T07:37:00.212Z | fps:40.0 | update:0.00ms | render:5.20ms | loss:1.50ms | stroke:349.2 | ratio:0.535 | ink:0.1525 | maskedLoss:0.0626 | excess:206.841 | morphing:true
2026-03-03T07:37:01.235Z | fps:40.1 | update:0.00ms | render:4.90ms | loss:1.80ms | stroke:341.9 | ratio:0.524 | ink:0.1525 | maskedLoss:0.0603 | excess:199.773 | morphing:true
2026-03-03T07:37:02.236Z | fps:40.0 | update:0.00ms | render:5.20ms | loss:1.70ms | stroke:339.1 | ratio:0.520 | ink:0.1525 | maskedLoss:0.0588 | excess:194.801 | morphing:true
2026-03-03T07:37:03.236Z | fps:40.0 | update:0.00ms | render:6.20ms | loss:2.00ms | stroke:335.8 | ratio:0.515 | ink:0.1525 | maskedLoss:0.0573 | excess:190.108 | morphing:true
2026-03-03T07:37:04.237Z | fps:40.0 | update:0.00ms | render:5.10ms | loss:1.40ms | stroke:333.3 | ratio:0.511 | ink:0.1525 | maskedLoss:0.0561 | excess:186.105 | morphing:true
2026-03-03T07:37:05.237Z | fps:40.0 | update:0.00ms | render:6.30ms | loss:1.70ms | stroke:331.8 | ratio:0.509 | ink:0.1525 | maskedLoss:0.0551 | excess:182.842 | morphing:true
2026-03-03T07:37:06.238Z | fps:40.0 | update:0.00ms | render:6.00ms | loss:1.40ms | stroke:330.4 | ratio:0.506 | ink:0.1525 | maskedLoss:0.0542 | excess:179.888 | morphing:true
2026-03-03T07:37:07.238Z | fps:40.0 | update:0.00ms | render:5.00ms | loss:1.40ms | stroke:329.6 | ratio:0.505 | ink:0.1525 | maskedLoss:0.0535 | excess:177.497 | morphing:true
2026-03-03T07:37:08.450Z | fps:7.4 | update:0.00ms | render:1.50ms | loss:0.50ms | stroke:329.4 | ratio:0.505 | ink:0.1525 | maskedLoss:0.0533 | excess:177.034 | morphing:true
2026-03-03T07:37:09.464Z | fps:40.4 | update:0.00ms | render:6.10ms | loss:1.70ms | stroke:328.5 | ratio:0.503 | ink:0.1525 | maskedLoss:0.0527 | excess:174.809 | morphing:true
2026-03-03T07:37:10.491Z | fps:39.9 | update:0.00ms | render:5.70ms | loss:2.20ms | stroke:379.0 | ratio:0.581 | ink:0.1702 | maskedLoss:0.0502 | excess:167.416 | morphing:true
2026-03-03T07:37:11.493Z | fps:39.9 | update:0.00ms | render:5.10ms | loss:1.10ms | stroke:581.0 | ratio:0.890 | ink:0.2169 | maskedLoss:0.0734 | excess:242.443 | morphing:true
2026-03-03T07:37:12.515Z | fps:40.1 | update:0.00ms | render:6.10ms | loss:0.80ms | stroke:799.1 | ratio:1.225 | ink:0.2575 | maskedLoss:0.0908 | excess:308.224 | morphing:true
2026-03-03T07:37:13.515Z | fps:40.0 | update:0.00ms | render:5.70ms | loss:2.10ms | stroke:856.5 | ratio:1.313 | ink:0.2750 | maskedLoss:0.0865 | excess:297.567 | morphing:true
2026-03-03T07:37:14.516Z | fps:40.0 | update:0.00ms | render:5.70ms | loss:2.00ms | stroke:1124.2 | ratio:1.723 | ink:0.3386 | maskedLoss:0.0945 | excess:350.983 | morphing:true
2026-03-03T07:37:15.541Z | fps:40.0 | update:0.00ms | render:4.90ms | loss:2.40ms | stroke:1138.9 | ratio:1.745 | ink:0.3507 | maskedLoss:0.0829 | excess:315.726 | morphing:true
2026-03-03T07:37:16.541Z | fps:40.0 | update:0.00ms | render:6.20ms | loss:2.20ms | stroke:1150.9 | ratio:1.764 | ink:0.3589 | maskedLoss:0.0800 | excess:308.629 | morphing:true
2026-03-03T07:37:17.542Z | fps:40.0 | update:0.00ms | render:5.30ms | loss:2.30ms | stroke:1163.7 | ratio:1.783 | ink:0.3669 | maskedLoss:0.0772 | excess:301.563 | morphing:true
2026-03-03T07:37:18.542Z | fps:40.0 | update:0.00ms | render:5.50ms | loss:2.10ms | stroke:1171.7 | ratio:1.796 | ink:0.3692 | maskedLoss:0.0747 | excess:294.875 | morphing:true
2026-03-03T07:37:19.543Z | fps:40.0 | update:0.00ms | render:6.40ms | loss:1.40ms | stroke:1177.0 | ratio:1.804 | ink:0.3742 | maskedLoss:0.0677 | excess:273.186 | morphing:true
2026-03-03T07:37:20.543Z | fps:40.0 | update:0.00ms | render:5.30ms | loss:2.20ms | stroke:1202.8 | ratio:1.843 | ink:0.3800 | maskedLoss:0.0593 | excess:250.574 | morphing:true
2026-03-03T07:37:21.569Z | fps:40.0 | update:0.00ms | render:6.10ms | loss:2.60ms | stroke:1222.5 | ratio:1.874 | ink:0.3883 | maskedLoss:0.0594 | excess:254.590 | morphing:true
2026-03-03T07:37:22.570Z | fps:40.0 | update:0.00ms | render:6.10ms | loss:2.00ms | stroke:1207.1 | ratio:1.850 | ink:0.3883 | maskedLoss:0.0570 | excess:243.866 | morphing:true
2026-03-03T07:37:23.596Z | fps:39.9 | update:0.00ms | render:5.70ms | loss:2.60ms | stroke:1211.9 | ratio:1.857 | ink:0.3889 | maskedLoss:0.0560 | excess:240.798 | morphing:true
2026-03-03T07:37:24.598Z | fps:39.9 | update:0.00ms | render:6.60ms | loss:2.90ms | stroke:1199.4 | ratio:1.838 | ink:0.3889 | maskedLoss:0.0542 | excess:233.146 | morphing:true
2026-03-03T07:37:25.620Z | fps:40.1 | update:0.00ms | render:6.30ms | loss:2.40ms | stroke:1211.1 | ratio:1.856 | ink:0.3905 | maskedLoss:0.0545 | excess:236.653 | morphing:true
2026-03-03T07:37:26.620Z | fps:40.0 | update:0.00ms | render:5.80ms | loss:2.00ms | stroke:1218.3 | ratio:1.867 | ink:0.3913 | maskedLoss:0.0548 | excess:238.756 | morphing:true
2026-03-03T07:37:29.452Z | fps:7.8 | update:0.00ms | render:3.60ms | loss:1.00ms | stroke:1213.5 | ratio:1.860 | ink:0.3913 | maskedLoss:0.0543 | excess:236.461 | morphing:true
2026-03-03T07:37:30.474Z | fps:40.1 | update:0.00ms | render:5.00ms | loss:1.60ms | stroke:1203.5 | ratio:1.844 | ink:0.3913 | maskedLoss:0.0531 | excess:230.110 | morphing:true
2026-03-03T07:37:31.474Z | fps:40.0 | update:0.00ms | render:6.00ms | loss:1.20ms | stroke:1223.4 | ratio:1.875 | ink:0.3913 | maskedLoss:0.0553 | excess:240.531 | morphing:true
2026-03-03T07:37:32.497Z | fps:40.1 | update:0.00ms | render:4.80ms | loss:2.10ms | stroke:1209.4 | ratio:1.853 | ink:0.3913 | maskedLoss:0.0537 | excess:233.786 | morphing:true
2026-03-03T07:37:33.498Z | fps:40.0 | update:0.00ms | render:5.00ms | loss:1.40ms | stroke:1199.5 | ratio:1.838 | ink:0.3913 | maskedLoss:0.0524 | excess:227.700 | morphing:true
2026-03-03T07:37:34.498Z | fps:40.0 | update:0.00ms | render:5.30ms | loss:1.40ms | stroke:1191.3 | ratio:1.826 | ink:0.3913 | maskedLoss:0.0512 | excess:222.225 | morphing:true
2026-03-03T07:37:35.499Z | fps:40.0 | update:0.00ms | render:5.60ms | loss:1.30ms | stroke:1183.8 | ratio:1.814 | ink:0.3913 | maskedLoss:0.0500 | excess:217.088 | morphing:true
2026-03-03T07:37:36.499Z | fps:40.0 | update:0.00ms | render:4.90ms | loss:1.90ms | stroke:1177.1 | ratio:1.804 | ink:0.3913 | maskedLoss:0.0489 | excess:212.382 | morphing:true
2026-03-03T07:37:37.504Z | fps:39.8 | update:0.00ms | render:10.40ms | loss:1.40ms | stroke:1171.3 | ratio:1.795 | ink:0.3913 | maskedLoss:0.0479 | excess:208.163 | morphing:true
2026-03-03T07:37:39.129Z | fps:1.2 | update:0.00ms | render:0.40ms | loss:0.10ms | stroke:1171.3 | ratio:1.795 | ink:0.3913 | maskedLoss:0.0479 | excess:208.163 | morphing:true
2026-03-03T07:37:40.152Z | fps:40.1 | update:0.00ms | render:4.50ms | loss:2.20ms | stroke:1166.3 | ratio:1.787 | ink:0.3913 | maskedLoss:0.0470 | excess:203.946 | morphing:true
2026-03-03T07:37:41.175Z | fps:40.1 | update:0.00ms | render:5.60ms | loss:1.50ms | stroke:1161.4 | ratio:1.780 | ink:0.3913 | maskedLoss:0.0462 | excess:200.718 | morphing:true
2026-03-03T07:37:42.176Z | fps:40.0 | update:0.00ms | render:5.30ms | loss:1.30ms | stroke:1157.4 | ratio:1.774 | ink:0.3913 | maskedLoss:0.0454 | excess:197.656 | morphing:true
2026-03-03T07:37:43.177Z | fps:40.0 | update:0.00ms | render:5.70ms | loss:1.70ms | stroke:1153.8 | ratio:1.768 | ink:0.3913 | maskedLoss:0.0448 | excess:194.889 | morphing:true
2026-03-03T07:37:44.177Z | fps:40.0 | update:0.00ms | render:6.30ms | loss:1.50ms | stroke:1178.9 | ratio:1.807 | ink:0.3966 | maskedLoss:0.0412 | excess:187.596 | morphing:true
2026-03-03T07:37:45.178Z | fps:40.0 | update:0.00ms | render:6.20ms | loss:2.10ms | stroke:1268.1 | ratio:1.943 | ink:0.4062 | maskedLoss:0.0364 | excess:188.668 | morphing:true
2026-03-03T07:37:46.203Z | fps:40.0 | update:0.00ms | render:6.60ms | loss:1.80ms | stroke:1284.9 | ratio:1.969 | ink:0.4105 | maskedLoss:0.0358 | excess:190.024 | morphing:true
2026-03-03T07:37:47.203Z | fps:40.0 | update:0.00ms | render:5.50ms | loss:1.10ms | stroke:1340.7 | ratio:2.055 | ink:0.4192 | maskedLoss:0.0429 | excess:224.337 | morphing:true
2026-03-03T07:37:48.204Z | fps:40.0 | update:0.00ms | render:5.40ms | loss:2.50ms | stroke:1384.9 | ratio:2.122 | ink:0.4302 | maskedLoss:0.0503 | excess:258.674 | morphing:true
2026-03-03T07:37:49.204Z | fps:40.0 | update:0.00ms | render:6.90ms | loss:1.50ms | stroke:1359.9 | ratio:2.084 | ink:0.4302 | maskedLoss:0.0432 | excess:229.297 | morphing:true
2026-03-03T07:37:50.229Z | fps:40.0 | update:0.00ms | render:6.30ms | loss:1.90ms | stroke:1370.0 | ratio:2.100 | ink:0.4307 | maskedLoss:0.0403 | excess:222.377 | morphing:true
2026-03-03T07:37:51.230Z | fps:40.0 | update:0.00ms | render:4.80ms | loss:1.90ms | stroke:1382.5 | ratio:2.119 | ink:0.4355 | maskedLoss:0.0387 | excess:220.499 | morphing:true
2026-03-03T07:37:52.257Z | fps:39.9 | update:0.00ms | render:5.20ms | loss:1.70ms | stroke:1440.4 | ratio:2.208 | ink:0.4446 | maskedLoss:0.0451 | excess:253.118 | morphing:true
2026-03-03T07:37:53.258Z | fps:40.0 | update:0.00ms | render:6.20ms | loss:1.20ms | stroke:1425.0 | ratio:2.184 | ink:0.4469 | maskedLoss:0.0420 | excess:241.045 | morphing:true
2026-03-03T07:37:54.281Z | fps:40.1 | update:0.00ms | render:5.50ms | loss:2.40ms | stroke:1432.6 | ratio:2.196 | ink:0.4470 | maskedLoss:0.0421 | excess:244.009 | morphing:true
2026-03-03T07:37:55.281Z | fps:40.0 | update:0.00ms | render:5.60ms | loss:2.50ms | stroke:1468.3 | ratio:2.250 | ink:0.4487 | maskedLoss:0.0459 | excess:265.444 | morphing:true
2026-03-03T07:38:13.842Z | fps:0.4 | update:0.00ms | render:1.80ms | loss:0.40ms | stroke:1465.0 | ratio:2.245 | ink:0.4487 | maskedLoss:0.0452 | excess:260.817 | morphing:true
2026-03-03T07:38:14.864Z | fps:41.1 | update:0.00ms | render:6.70ms | loss:2.50ms | stroke:1443.1 | ratio:2.212 | ink:0.4487 | maskedLoss:0.0427 | excess:248.502 | morphing:true
2026-03-03T07:38:15.864Z | fps:40.0 | update:0.00ms | render:6.50ms | loss:2.30ms | stroke:1461.7 | ratio:2.240 | ink:0.4518 | maskedLoss:0.0453 | excess:261.833 | morphing:true
2026-03-03T07:38:16.865Z | fps:39.9 | update:0.00ms | render:5.40ms | loss:1.80ms | stroke:1446.1 | ratio:2.216 | ink:0.4518 | maskedLoss:0.0428 | excess:249.641 | morphing:true
2026-03-03T07:38:17.890Z | fps:40.0 | update:0.00ms | render:5.40ms | loss:2.00ms | stroke:1485.4 | ratio:2.276 | ink:0.4530 | maskedLoss:0.0482 | excess:277.058 | morphing:true
2026-03-03T07:38:18.891Z | fps:40.0 | update:0.00ms | render:6.00ms | loss:2.80ms | stroke:1551.9 | ratio:2.378 | ink:0.4573 | maskedLoss:0.0527 | excess:310.831 | morphing:true
2026-03-03T07:38:19.918Z | fps:39.9 | update:0.00ms | render:6.70ms | loss:2.20ms | stroke:1506.9 | ratio:2.309 | ink:0.4573 | maskedLoss:0.0454 | excess:272.456 | morphing:true
2026-03-03T07:38:20.941Z | fps:40.1 | update:0.00ms | render:6.20ms | loss:2.00ms | stroke:1481.5 | ratio:2.270 | ink:0.4573 | maskedLoss:0.0424 | excess:257.162 | morphing:true
2026-03-03T07:38:21.941Z | fps:40.0 | update:0.00ms | render:6.70ms | loss:2.40ms | stroke:1466.7 | ratio:2.248 | ink:0.4573 | maskedLoss:0.0404 | excess:247.166 | morphing:true
2026-03-03T07:38:22.942Z | fps:40.0 | update:0.00ms | render:6.30ms | loss:1.70ms | stroke:1456.3 | ratio:2.232 | ink:0.4573 | maskedLoss:0.0390 | excess:240.006 | morphing:true
2026-03-03T07:38:23.967Z | fps:40.0 | update:0.00ms | render:6.80ms | loss:1.70ms | stroke:1447.9 | ratio:2.219 | ink:0.4573 | maskedLoss:0.0379 | excess:234.266 | morphing:true
2026-03-03T07:38:24.968Z | fps:40.0 | update:0.00ms | render:6.50ms | loss:1.40ms | stroke:1440.7 | ratio:2.208 | ink:0.4573 | maskedLoss:0.0370 | excess:229.394 | morphing:true
2026-03-03T07:38:25.968Z | fps:40.0 | update:0.00ms | render:6.10ms | loss:2.10ms | stroke:1434.3 | ratio:2.198 | ink:0.4573 | maskedLoss:0.0362 | excess:225.222 | morphing:true
2026-03-03T07:38:26.969Z | fps:40.0 | update:0.00ms | render:6.50ms | loss:1.90ms | stroke:1428.7 | ratio:2.189 | ink:0.4573 | maskedLoss:0.0355 | excess:221.609 | morphing:true
2026-03-03T07:38:27.969Z | fps:40.0 | update:0.00ms | render:7.10ms | loss:1.90ms | stroke:1423.7 | ratio:2.182 | ink:0.4573 | maskedLoss:0.0349 | excess:218.440 | morphing:true
2026-03-03T07:38:28.969Z | fps:40.0 | update:0.00ms | render:7.20ms | loss:2.30ms | stroke:1419.3 | ratio:2.175 | ink:0.4573 | maskedLoss:0.0344 | excess:215.652 | morphing:true
2026-03-03T07:38:29.969Z | fps:40.0 | update:0.00ms | render:4.10ms | loss:1.50ms | stroke:1538.9 | ratio:2.358 | ink:0.4867 | maskedLoss:0.0534 | excess:309.355 | morphing:true
2026-03-03T07:38:30.969Z | fps:40.0 | update:0.00ms | render:4.80ms | loss:2.00ms | stroke:1503.9 | ratio:2.305 | ink:0.4869 | maskedLoss:0.0460 | excess:275.088 | morphing:true
2026-03-03T07:38:31.970Z | fps:40.0 | update:0.00ms | render:5.20ms | loss:1.30ms | stroke:1486.3 | ratio:2.278 | ink:0.4869 | maskedLoss:0.0425 | excess:258.846 | morphing:true
2026-03-03T07:38:32.971Z | fps:39.9 | update:0.00ms | render:5.00ms | loss:2.10ms | stroke:1496.8 | ratio:2.294 | ink:0.4966 | maskedLoss:0.0442 | excess:267.289 | morphing:true
2026-03-03T07:38:33.996Z | fps:40.0 | update:0.00ms | render:5.00ms | loss:1.60ms | stroke:1643.5 | ratio:2.519 | ink:0.5411 | maskedLoss:0.0719 | excess:400.855 | morphing:true
2026-03-03T07:38:34.996Z | fps:40.0 | update:0.00ms | render:6.70ms | loss:2.10ms | stroke:1632.2 | ratio:2.501 | ink:0.5411 | maskedLoss:0.0678 | excess:383.841 | morphing:true
2026-03-03T07:38:35.997Z | fps:40.0 | update:0.00ms | render:5.90ms | loss:2.20ms | stroke:1634.4 | ratio:2.505 | ink:0.5422 | maskedLoss:0.0670 | excess:381.788 | morphing:true
2026-03-03T07:38:36.997Z | fps:40.0 | update:0.00ms | render:6.00ms | loss:1.40ms | stroke:1656.3 | ratio:2.538 | ink:0.5466 | maskedLoss:0.0699 | excess:398.601 | morphing:true
2026-03-03T07:38:38.024Z | fps:39.9 | update:0.00ms | render:6.40ms | loss:1.80ms | stroke:1669.7 | ratio:2.559 | ink:0.5533 | maskedLoss:0.0698 | excess:401.206 | morphing:true
2026-03-03T07:38:39.025Z | fps:40.0 | update:0.00ms | render:6.20ms | loss:1.40ms | stroke:1741.5 | ratio:2.669 | ink:0.5609 | maskedLoss:0.0805 | excess:451.730 | morphing:true
2026-03-03T07:38:40.026Z | fps:40.0 | update:0.00ms | render:6.00ms | loss:1.30ms | stroke:1815.8 | ratio:2.783 | ink:0.5639 | maskedLoss:0.0822 | excess:485.187 | morphing:true
2026-03-03T07:38:41.028Z | fps:39.9 | update:0.00ms | render:6.20ms | loss:2.60ms | stroke:1773.7 | ratio:2.718 | ink:0.5640 | maskedLoss:0.0735 | excess:445.764 | morphing:true
2026-03-03T07:38:42.050Z | fps:40.1 | update:0.00ms | render:6.20ms | loss:1.50ms | stroke:1729.9 | ratio:2.651 | ink:0.5710 | maskedLoss:0.0669 | excess:412.971 | morphing:true
2026-03-03T07:38:43.050Z | fps:40.0 | update:0.00ms | render:7.50ms | loss:1.70ms | stroke:1876.4 | ratio:2.876 | ink:0.6195 | maskedLoss:0.0847 | excess:525.208 | morphing:true
2026-03-03T07:38:44.074Z | fps:40.0 | update:0.00ms | render:6.80ms | loss:2.10ms | stroke:1935.3 | ratio:2.966 | ink:0.6364 | maskedLoss:0.0933 | excess:575.818 | morphing:true
2026-03-03T07:38:45.075Z | fps:40.0 | update:0.00ms | render:7.20ms | loss:2.50ms | stroke:1953.4 | ratio:2.994 | ink:0.6397 | maskedLoss:0.0960 | excess:592.073 | morphing:true
2026-03-03T07:38:46.075Z | fps:40.0 | update:0.00ms | render:6.50ms | loss:1.70ms | stroke:1906.6 | ratio:2.922 | ink:0.6397 | maskedLoss:0.0888 | excess:549.899 | morphing:true
2026-03-03T07:38:47.076Z | fps:40.0 | update:0.00ms | render:6.30ms | loss:3.30ms | stroke:1849.7 | ratio:2.835 | ink:0.6397 | maskedLoss:0.0802 | excess:500.385 | morphing:true
2026-03-03T07:38:49.529Z | fps:3.7 | update:0.00ms | render:1.60ms | loss:0.60ms | stroke:1839.9 | ratio:2.820 | ink:0.6397 | maskedLoss:0.0788 | excess:492.107 | morphing:true
2026-03-03T07:38:50.554Z | fps:40.0 | update:0.00ms | render:4.80ms | loss:1.70ms | stroke:1796.9 | ratio:2.754 | ink:0.6397 | maskedLoss:0.0724 | excess:453.091 | morphing:true
2026-03-03T07:38:51.555Z | fps:40.0 | update:0.00ms | render:5.80ms | loss:1.10ms | stroke:1759.9 | ratio:2.697 | ink:0.6397 | maskedLoss:0.0675 | excess:423.733 | morphing:true
2026-03-03T07:38:52.556Z | fps:40.0 | update:0.00ms | render:6.10ms | loss:1.50ms | stroke:1833.5 | ratio:2.810 | ink:0.6580 | maskedLoss:0.0777 | excess:484.554 | morphing:true
2026-03-03T07:38:53.578Z | fps:40.1 | update:0.00ms | render:6.10ms | loss:2.00ms | stroke:1898.4 | ratio:2.909 | ink:0.6742 | maskedLoss:0.0890 | excess:547.542 | morphing:true
2026-03-03T07:38:54.578Z | fps:40.0 | update:0.00ms | render:5.50ms | loss:2.30ms | stroke:1895.2 | ratio:2.904 | ink:0.6760 | maskedLoss:0.0884 | excess:544.415 | morphing:true
2026-03-03T07:38:59.263Z | fps:3.0 | update:0.00ms | render:3.70ms | loss:1.80ms | stroke:1891.5 | ratio:2.899 | ink:0.6760 | maskedLoss:0.0878 | excess:540.837 | morphing:true
2026-03-03T07:39:00.281Z | fps:38.3 | update:0.00ms | render:6.60ms | loss:2.00ms | stroke:1880.7 | ratio:2.882 | ink:0.6760 | maskedLoss:0.0859 | excess:530.542 | morphing:true
[target-loaded] mambo=0 scale=0.81 offset=(43,2) size=44x44 fullMamboBlack=873.8
[timer-start] duration=58.3s
[init] field=120x54
2026-03-03T07:39:08.770Z | fps:1.9 | update:0.00ms | render:7.00ms | loss:1.40ms | stroke:0.0 | ratio:0.000 | ink:0.0000 | maskedLoss:0.0000 | excess:0.000 | morphing:false
[target-loaded] mambo=5 scale=0.81 offset=(10,5) size=33x44 fullMamboBlack=473.1
[timer-start] duration=1.1s
[init] field=120x54
2026-03-03T07:39:10.962Z | fps:39.5 | update:0.00ms | render:10.40ms | loss:3.40ms | stroke:0.0 | ratio:0.000 | ink:0.0265 | maskedLoss:0.0145 | excess:93.956 | morphing:false
[morph-start] ink=0.0265 mambo=5 initLoss=0.0145 level=0
[pyramid-advance] level=1
2026-03-03T07:39:11.988Z | fps:40.0 | update:0.00ms | render:5.90ms | loss:1.20ms | stroke:161.6 | ratio:0.342 | ink:0.0444 | maskedLoss:0.0470 | excess:156.549 | morphing:true
2026-03-03T07:39:12.989Z | fps:40.0 | update:0.00ms | render:5.80ms | loss:0.70ms | stroke:372.8 | ratio:0.788 | ink:0.0927 | maskedLoss:0.1091 | excess:363.425 | morphing:true
2026-03-03T07:39:14.011Z | fps:40.1 | update:0.00ms | render:5.80ms | loss:1.20ms | stroke:371.0 | ratio:0.784 | ink:0.0927 | maskedLoss:0.1071 | excess:357.474 | morphing:true
2026-03-03T07:39:15.011Z | fps:40.0 | update:0.00ms | render:5.20ms | loss:0.90ms | stroke:371.0 | ratio:0.784 | ink:0.0927 | maskedLoss:0.1052 | excess:351.104 | morphing:true
2026-03-03T07:39:16.012Z | fps:40.0 | update:0.00ms | render:4.90ms | loss:0.90ms | stroke:371.0 | ratio:0.784 | ink:0.0927 | maskedLoss:0.1031 | excess:344.456 | morphing:true
2026-03-03T07:39:17.013Z | fps:40.0 | update:0.00ms | render:5.20ms | loss:1.20ms | stroke:371.0 | ratio:0.784 | ink:0.0927 | maskedLoss:0.1011 | excess:338.064 | morphing:true
2026-03-03T07:39:18.013Z | fps:40.0 | update:0.00ms | render:5.50ms | loss:1.30ms | stroke:643.2 | ratio:1.360 | ink:0.1600 | maskedLoss:0.1210 | excess:412.209 | morphing:true
2026-03-03T07:39:19.038Z | fps:40.0 | update:0.00ms | render:5.30ms | loss:1.10ms | stroke:882.1 | ratio:1.865 | ink:0.2221 | maskedLoss:0.1274 | excess:455.535 | morphing:true
2026-03-03T07:39:20.039Z | fps:40.0 | update:0.00ms | render:6.20ms | loss:1.30ms | stroke:1075.7 | ratio:2.274 | ink:0.2756 | maskedLoss:0.1128 | excess:441.005 | morphing:true
2026-03-03T07:39:21.039Z | fps:40.0 | update:0.00ms | render:6.00ms | loss:1.60ms | stroke:1305.8 | ratio:2.760 | ink:0.3340 | maskedLoss:0.1038 | excess:461.614 | morphing:true
2026-03-03T07:39:22.039Z | fps:40.0 | update:0.00ms | render:5.30ms | loss:0.80ms | stroke:1413.3 | ratio:2.988 | ink:0.3562 | maskedLoss:0.0932 | excess:454.375 | morphing:true
2026-03-03T07:39:23.042Z | fps:39.9 | update:0.00ms | render:4.40ms | loss:1.20ms | stroke:1487.4 | ratio:3.144 | ink:0.3752 | maskedLoss:0.0866 | excess:453.622 | morphing:true
2026-03-03T07:39:24.065Z | fps:40.1 | update:0.00ms | render:4.30ms | loss:1.10ms | stroke:1480.4 | ratio:3.129 | ink:0.3765 | maskedLoss:0.0803 | excess:431.334 | morphing:true
2026-03-03T07:39:25.065Z | fps:40.0 | update:0.00ms | render:5.00ms | loss:0.70ms | stroke:1477.5 | ratio:3.123 | ink:0.3810 | maskedLoss:0.0730 | excess:406.956 | morphing:true
2026-03-03T07:39:26.065Z | fps:40.0 | update:0.00ms | render:5.30ms | loss:0.90ms | stroke:1450.8 | ratio:3.067 | ink:0.3810 | maskedLoss:0.0683 | excess:383.900 | morphing:true
2026-03-03T07:39:27.066Z | fps:40.0 | update:0.00ms | render:5.10ms | loss:1.00ms | stroke:1494.4 | ratio:3.159 | ink:0.3878 | maskedLoss:0.0653 | excess:386.697 | morphing:true
2026-03-03T07:39:28.066Z | fps:40.0 | update:0.00ms | render:5.00ms | loss:0.80ms | stroke:1544.2 | ratio:3.264 | ink:0.3930 | maskedLoss:0.0651 | excess:401.574 | morphing:true
2026-03-03T07:39:29.067Z | fps:40.0 | update:0.00ms | render:5.60ms | loss:1.40ms | stroke:1588.9 | ratio:3.359 | ink:0.3952 | maskedLoss:0.0704 | excess:433.244 | morphing:true
2026-03-03T07:39:30.067Z | fps:40.0 | update:0.00ms | render:5.20ms | loss:1.40ms | stroke:1547.6 | ratio:3.271 | ink:0.3961 | maskedLoss:0.0621 | excess:393.173 | morphing:true
2026-03-03T07:39:31.068Z | fps:40.0 | update:0.00ms | render:4.90ms | loss:1.50ms | stroke:1512.9 | ratio:3.198 | ink:0.3961 | maskedLoss:0.0582 | excess:369.507 | morphing:true
2026-03-03T07:39:32.096Z | fps:39.9 | update:0.00ms | render:4.90ms | loss:0.60ms | stroke:1639.3 | ratio:3.465 | ink:0.4195 | maskedLoss:0.0749 | excess:462.846 | morphing:true
2026-03-03T07:39:33.096Z | fps:40.0 | update:0.00ms | render:6.40ms | loss:1.40ms | stroke:1601.6 | ratio:3.386 | ink:0.4195 | maskedLoss:0.0681 | excess:428.618 | morphing:true
2026-03-03T07:39:34.100Z | fps:39.8 | update:0.00ms | render:6.50ms | loss:1.00ms | stroke:1577.2 | ratio:3.334 | ink:0.4195 | maskedLoss:0.0642 | excess:408.011 | morphing:true
2026-03-03T07:39:35.119Z | fps:40.2 | update:0.00ms | render:5.30ms | loss:0.70ms | stroke:1794.9 | ratio:3.794 | ink:0.4882 | maskedLoss:0.1019 | excess:611.738 | morphing:true
2026-03-03T07:39:36.145Z | fps:40.0 | update:0.00ms | render:6.50ms | loss:1.00ms | stroke:1916.8 | ratio:4.052 | ink:0.5265 | maskedLoss:0.1235 | excess:730.148 | morphing:true
2026-03-03T07:39:37.145Z | fps:40.0 | update:0.00ms | render:5.40ms | loss:1.40ms | stroke:1934.9 | ratio:4.090 | ink:0.5347 | maskedLoss:0.1264 | excess:746.747 | morphing:true
2026-03-03T07:39:38.146Z | fps:40.0 | update:0.00ms | render:5.00ms | loss:1.60ms | stroke:1973.0 | ratio:4.171 | ink:0.5411 | maskedLoss:0.1331 | excess:783.784 | morphing:true
2026-03-03T07:39:39.170Z | fps:40.0 | update:0.00ms | render:5.40ms | loss:1.10ms | stroke:1967.2 | ratio:4.158 | ink:0.5411 | maskedLoss:0.1319 | excess:777.529 | morphing:true
2026-03-03T07:39:40.170Z | fps:40.0 | update:0.00ms | render:5.10ms | loss:0.90ms | stroke:1961.7 | ratio:4.147 | ink:0.5411 | maskedLoss:0.1308 | excess:771.707 | morphing:true
2026-03-03T07:39:41.172Z | fps:40.0 | update:0.00ms | render:5.00ms | loss:1.30ms | stroke:1956.4 | ratio:4.136 | ink:0.5411 | maskedLoss:0.1297 | excess:766.197 | morphing:true
2026-03-03T07:39:42.199Z | fps:39.9 | update:0.00ms | render:5.80ms | loss:1.10ms | stroke:1951.3 | ratio:4.125 | ink:0.5411 | maskedLoss:0.1287 | excess:760.441 | morphing:true
2026-03-03T07:39:43.200Z | fps:40.0 | update:0.00ms | render:5.30ms | loss:1.00ms | stroke:1946.5 | ratio:4.115 | ink:0.5411 | maskedLoss:0.1277 | excess:755.441 | morphing:true
2026-03-03T07:39:44.200Z | fps:40.0 | update:0.00ms | render:4.90ms | loss:1.00ms | stroke:1941.8 | ratio:4.105 | ink:0.5411 | maskedLoss:0.1268 | excess:750.644 | morphing:true
2026-03-03T07:39:45.201Z | fps:40.0 | update:0.00ms | render:4.80ms | loss:1.10ms | stroke:1937.3 | ratio:4.095 | ink:0.5411 | maskedLoss:0.1259 | excess:745.994 | morphing:true
2026-03-03T07:39:46.201Z | fps:40.0 | update:0.00ms | render:5.00ms | loss:0.80ms | stroke:1932.9 | ratio:4.086 | ink:0.5411 | maskedLoss:0.1251 | excess:741.496 | morphing:true
2026-03-03T07:39:47.202Z | fps:40.0 | update:0.00ms | render:6.40ms | loss:0.60ms | stroke:1928.6 | ratio:4.077 | ink:0.5411 | maskedLoss:0.1243 | excess:737.112 | morphing:true
2026-03-03T07:39:48.203Z | fps:39.9 | update:0.00ms | render:6.40ms | loss:0.70ms | stroke:1924.3 | ratio:4.068 | ink:0.5411 | maskedLoss:0.1235 | excess:732.826 | morphing:true
2026-03-03T07:39:49.205Z | fps:40.0 | update:0.00ms | render:5.60ms | loss:1.30ms | stroke:1920.2 | ratio:4.059 | ink:0.5411 | maskedLoss:0.1227 | excess:728.628 | morphing:true
2026-03-03T07:39:50.206Z | fps:39.9 | update:0.00ms | render:5.20ms | loss:1.20ms | stroke:1916.1 | ratio:4.050 | ink:0.5411 | maskedLoss:0.1219 | excess:724.517 | morphing:true
2026-03-03T07:39:51.225Z | fps:40.3 | update:0.00ms | render:5.60ms | loss:0.90ms | stroke:1911.7 | ratio:4.041 | ink:0.5411 | maskedLoss:0.1212 | excess:720.482 | morphing:true
2026-03-03T07:39:52.225Z | fps:40.0 | update:0.00ms | render:4.10ms | loss:0.70ms | stroke:1907.7 | ratio:4.033 | ink:0.5411 | maskedLoss:0.1205 | excess:716.502 | morphing:true
2026-03-03T07:39:53.226Z | fps:40.0 | update:0.00ms | render:5.00ms | loss:0.90ms | stroke:1903.8 | ratio:4.024 | ink:0.5411 | maskedLoss:0.1197 | excess:712.586 | morphing:true
2026-03-03T07:39:54.226Z | fps:40.0 | update:0.00ms | render:4.60ms | loss:1.00ms | stroke:1900.0 | ratio:4.016 | ink:0.5411 | maskedLoss:0.1190 | excess:708.713 | morphing:true
2026-03-03T07:39:55.227Z | fps:40.0 | update:0.00ms | render:5.10ms | loss:1.20ms | stroke:1896.1 | ratio:4.008 | ink:0.5411 | maskedLoss:0.1183 | excess:704.884 | morphing:true
2026-03-03T07:39:56.227Z | fps:40.0 | update:0.00ms | render:5.10ms | loss:1.40ms | stroke:1892.3 | ratio:4.000 | ink:0.5411 | maskedLoss:0.1176 | excess:701.099 | morphing:true
2026-03-03T07:39:57.227Z | fps:40.0 | update:0.00ms | render:4.80ms | loss:0.50ms | stroke:1888.6 | ratio:3.992 | ink:0.5411 | maskedLoss:0.1169 | excess:697.355 | morphing:true
2026-03-03T07:39:58.228Z | fps:40.0 | update:0.00ms | render:6.00ms | loss:1.30ms | stroke:1884.9 | ratio:3.984 | ink:0.5411 | maskedLoss:0.1163 | excess:693.644 | morphing:true
2026-03-03T07:39:59.253Z | fps:40.0 | update:0.00ms | render:5.80ms | loss:0.90ms | stroke:1881.2 | ratio:3.977 | ink:0.5411 | maskedLoss:0.1156 | excess:689.966 | morphing:true
2026-03-03T07:40:00.254Z | fps:40.0 | update:0.00ms | render:5.20ms | loss:1.20ms | stroke:1877.5 | ratio:3.969 | ink:0.5411 | maskedLoss:0.1149 | excess:686.323 | morphing:true
2026-03-03T07:40:01.279Z | fps:40.0 | update:0.00ms | render:6.50ms | loss:0.60ms | stroke:1873.8 | ratio:3.961 | ink:0.5411 | maskedLoss:0.1142 | excess:682.708 | morphing:true
2026-03-03T07:40:02.279Z | fps:40.0 | update:0.00ms | render:5.40ms | loss:0.90ms | stroke:1870.2 | ratio:3.953 | ink:0.5411 | maskedLoss:0.1136 | excess:679.125 | morphing:true
2026-03-03T07:40:03.280Z | fps:40.0 | update:0.00ms | render:6.00ms | loss:1.10ms | stroke:1866.6 | ratio:3.946 | ink:0.5411 | maskedLoss:0.1129 | excess:675.565 | morphing:true
2026-03-03T07:40:04.842Z | fps:15.4 | update:0.00ms | render:2.90ms | loss:0.90ms | stroke:1864.5 | ratio:3.941 | ink:0.5411 | maskedLoss:0.1126 | excess:673.442 | morphing:true
2026-03-03T07:40:05.859Z | fps:40.3 | update:0.00ms | render:5.30ms | loss:0.80ms | stroke:1860.9 | ratio:3.934 | ink:0.5411 | maskedLoss:0.1119 | excess:669.567 | morphing:true
2026-03-03T07:40:08.742Z | fps:5.5 | update:0.00ms | render:2.80ms | loss:0.30ms | stroke:1859.5 | ratio:3.931 | ink:0.5411 | maskedLoss:0.1116 | excess:668.168 | morphing:true
2026-03-03T07:40:09.757Z | fps:40.4 | update:0.00ms | render:6.60ms | loss:1.00ms | stroke:1855.6 | ratio:3.923 | ink:0.5411 | maskedLoss:0.1110 | excess:664.701 | morphing:true
2026-03-03T07:40:10.758Z | fps:40.0 | update:0.00ms | render:5.50ms | loss:0.60ms | stroke:1976.2 | ratio:4.177 | ink:0.5625 | maskedLoss:0.1328 | excess:784.097 | morphing:true
2026-03-03T07:40:11.758Z | fps:40.0 | update:0.00ms | render:5.80ms | loss:1.30ms | stroke:2431.5 | ratio:5.140 | ink:0.6360 | maskedLoss:0.2136 | excess:1237.413 | morphing:true
2026-03-03T07:40:12.783Z | fps:40.0 | update:0.00ms | render:5.90ms | loss:0.90ms | stroke:2412.3 | ratio:5.099 | ink:0.6395 | maskedLoss:0.2095 | excess:1215.885 | morphing:true
2026-03-03T07:40:13.783Z | fps:40.0 | update:0.00ms | render:5.70ms | loss:1.10ms | stroke:2397.7 | ratio:5.069 | ink:0.6395 | maskedLoss:0.2066 | excess:1200.294 | morphing:true
2026-03-03T07:40:14.784Z | fps:40.0 | update:0.00ms | render:5.10ms | loss:0.50ms | stroke:2385.8 | ratio:5.043 | ink:0.6395 | maskedLoss:0.2045 | excess:1188.147 | morphing:true
2026-03-03T07:40:15.785Z | fps:40.0 | update:0.00ms | render:5.70ms | loss:0.90ms | stroke:2375.6 | ratio:5.022 | ink:0.6395 | maskedLoss:0.2026 | excess:1177.560 | morphing:true
2026-03-03T07:40:16.809Z | fps:40.0 | update:0.00ms | render:5.00ms | loss:0.90ms | stroke:2366.1 | ratio:5.002 | ink:0.6395 | maskedLoss:0.2008 | excess:1167.877 | morphing:true
2026-03-03T07:40:17.810Z | fps:40.0 | update:0.00ms | render:5.90ms | loss:0.70ms | stroke:2357.3 | ratio:4.983 | ink:0.6395 | maskedLoss:0.1992 | excess:1158.744 | morphing:true
2026-03-03T07:40:18.810Z | fps:40.0 | update:0.00ms | render:5.50ms | loss:0.90ms | stroke:2348.9 | ratio:4.965 | ink:0.6395 | maskedLoss:0.1977 | excess:1150.132 | morphing:true
2026-03-03T07:40:20.500Z | fps:4.1 | update:0.00ms | render:0.70ms | loss:0.10ms | stroke:2347.3 | ratio:4.962 | ink:0.6395 | maskedLoss:0.1974 | excess:1148.474 | morphing:true
2026-03-03T07:40:21.511Z | fps:40.5 | update:0.00ms | render:5.30ms | loss:0.90ms | stroke:2339.5 | ratio:4.945 | ink:0.6395 | maskedLoss:0.1959 | excess:1140.387 | morphing:true
2026-03-03T07:40:22.512Z | fps:40.0 | update:0.00ms | render:5.70ms | loss:0.60ms | stroke:2398.0 | ratio:5.069 | ink:0.6414 | maskedLoss:0.2058 | excess:1197.798 | morphing:true
2026-03-03T07:40:23.512Z | fps:40.0 | update:0.00ms | render:6.60ms | loss:0.80ms | stroke:2570.1 | ratio:5.433 | ink:0.6574 | maskedLoss:0.2339 | excess:1364.094 | morphing:true
2026-03-03T07:40:26.751Z | fps:10.5 | update:0.00ms | render:5.30ms | loss:1.10ms | stroke:2619.2 | ratio:5.537 | ink:0.6615 | maskedLoss:0.2353 | excess:1390.692 | morphing:true
2026-03-03T07:40:30.443Z | fps:6.8 | update:0.00ms | render:3.50ms | loss:0.50ms | stroke:2600.5 | ratio:5.497 | ink:0.6615 | maskedLoss:0.2318 | excess:1370.780 | morphing:true
2026-03-03T07:40:31.466Z | fps:40.1 | update:0.00ms | render:7.20ms | loss:0.90ms | stroke:2576.7 | ratio:5.447 | ink:0.6615 | maskedLoss:0.2275 | excess:1346.225 | morphing:true
2026-03-03T07:40:32.493Z | fps:39.9 | update:0.00ms | render:5.20ms | loss:1.80ms | stroke:2556.6 | ratio:5.404 | ink:0.6615 | maskedLoss:0.2236 | excess:1323.919 | morphing:true
2026-03-03T07:40:33.494Z | fps:40.0 | update:0.00ms | render:5.60ms | loss:1.00ms | stroke:2747.3 | ratio:5.807 | ink:0.6976 | maskedLoss:0.2395 | excess:1456.500 | morphing:true
2026-03-03T07:40:35.325Z | fps:15.3 | update:0.00ms | render:3.60ms | loss:0.60ms | stroke:2809.7 | ratio:5.939 | ink:0.7138 | maskedLoss:0.2441 | excess:1501.117 | morphing:true
2026-03-03T07:40:36.342Z | fps:40.3 | update:0.00ms | render:5.00ms | loss:1.00ms | stroke:2731.8 | ratio:5.775 | ink:0.7138 | maskedLoss:0.2328 | excess:1433.236 | morphing:true
2026-03-03T07:40:37.342Z | fps:40.0 | update:0.00ms | render:5.60ms | loss:0.80ms | stroke:2685.0 | ratio:5.676 | ink:0.7138 | maskedLoss:0.2253 | excess:1387.586 | morphing:true
2026-03-03T07:40:38.343Z | fps:24.0 | update:0.00ms | render:3.40ms | loss:0.60ms | stroke:2686.5 | ratio:5.679 | ink:0.7156 | maskedLoss:0.2253 | excess:1388.360 | morphing:true
2026-03-03T07:40:40.860Z | fps:9.5 | update:0.00ms | render:3.10ms | loss:0.90ms | stroke:2667.6 | ratio:5.639 | ink:0.7156 | maskedLoss:0.2223 | excess:1370.102 | morphing:true
2026-03-03T07:40:41.869Z | fps:40.6 | update:0.00ms | render:5.50ms | loss:0.40ms | stroke:2641.9 | ratio:5.585 | ink:0.7156 | maskedLoss:0.2181 | excess:1345.044 | morphing:true
2026-03-03T07:40:42.869Z | fps:40.0 | update:0.00ms | render:4.60ms | loss:1.00ms | stroke:2620.5 | ratio:5.540 | ink:0.7156 | maskedLoss:0.2147 | excess:1324.316 | morphing:true
2026-03-03T07:40:43.870Z | fps:40.0 | update:0.00ms | render:4.80ms | loss:1.40ms | stroke:2602.2 | ratio:5.501 | ink:0.7156 | maskedLoss:0.2117 | excess:1306.525 | morphing:true
2026-03-03T07:40:51.653Z | fps:0.1 | update:0.00ms | render:0.40ms | loss:0.00ms | stroke:2602.2 | ratio:5.501 | ink:0.7156 | maskedLoss:0.2117 | excess:1306.525 | morphing:true
2026-03-03T07:41:39.261Z | fps:0.7 | update:0.00ms | render:4.60ms | loss:1.00ms | stroke:2587.5 | ratio:5.470 | ink:0.7156 | maskedLoss:0.2093 | excess:1292.330 | morphing:true
2026-03-03T07:41:40.266Z | fps:40.8 | update:0.00ms | render:5.20ms | loss:1.10ms | stroke:2572.7 | ratio:5.438 | ink:0.7156 | maskedLoss:0.2070 | excess:1278.083 | morphing:true
2026-03-03T07:41:41.267Z | fps:40.0 | update:0.00ms | render:4.70ms | loss:1.10ms | stroke:2608.6 | ratio:5.514 | ink:0.7165 | maskedLoss:0.2120 | excess:1310.308 | morphing:true
2026-03-03T07:41:42.268Z | fps:39.9 | update:0.00ms | render:5.80ms | loss:0.90ms | stroke:2748.2 | ratio:5.809 | ink:0.7204 | maskedLoss:0.2294 | excess:1429.645 | morphing:true
2026-03-03T07:41:43.293Z | fps:40.0 | update:0.00ms | render:5.20ms | loss:1.10ms | stroke:2685.1 | ratio:5.676 | ink:0.7204 | maskedLoss:0.2195 | excess:1368.964 | morphing:true
2026-03-03T07:41:44.322Z | fps:39.9 | update:0.00ms | render:6.10ms | loss:1.10ms | stroke:2685.5 | ratio:5.677 | ink:0.7208 | maskedLoss:0.2191 | excess:1366.502 | morphing:true
2026-03-03T07:41:45.344Z | fps:40.1 | update:0.00ms | render:6.20ms | loss:1.10ms | stroke:2660.8 | ratio:5.625 | ink:0.7208 | maskedLoss:0.2156 | excess:1345.567 | morphing:true
2026-03-03T07:41:46.369Z | fps:40.0 | update:0.00ms | render:7.30ms | loss:1.60ms | stroke:2643.2 | ratio:5.587 | ink:0.7208 | maskedLoss:0.2129 | excess:1328.743 | morphing:true
2026-03-03T07:41:47.394Z | fps:40.0 | update:0.00ms | render:5.00ms | loss:1.80ms | stroke:2627.9 | ratio:5.555 | ink:0.7208 | maskedLoss:0.2105 | excess:1314.257 | morphing:true
2026-03-03T07:41:48.394Z | fps:40.0 | update:0.00ms | render:5.90ms | loss:1.50ms | stroke:2614.1 | ratio:5.526 | ink:0.7208 | maskedLoss:0.2084 | excess:1301.122 | morphing:true
2026-03-03T07:41:53.126Z | fps:7.6 | update:0.00ms | render:5.30ms | loss:1.30ms | stroke:2602.5 | ratio:5.501 | ink:0.7208 | maskedLoss:0.2066 | excess:1290.069 | morphing:true
2026-03-03T07:41:54.152Z | fps:39.9 | update:0.00ms | render:5.00ms | loss:0.90ms | stroke:2590.1 | ratio:5.475 | ink:0.7208 | maskedLoss:0.2045 | excess:1277.199 | morphing:true
2026-03-03T07:41:55.172Z | fps:40.2 | update:0.00ms | render:5.20ms | loss:0.60ms | stroke:2577.1 | ratio:5.448 | ink:0.7208 | maskedLoss:0.2027 | excess:1266.229 | morphing:true
2026-03-03T07:41:56.172Z | fps:40.0 | update:0.00ms | render:5.30ms | loss:0.70ms | stroke:2565.8 | ratio:5.424 | ink:0.7208 | maskedLoss:0.2010 | excess:1255.634 | morphing:true
2026-03-03T07:41:57.173Z | fps:40.0 | update:0.00ms | render:5.10ms | loss:0.90ms | stroke:2554.9 | ratio:5.401 | ink:0.7208 | maskedLoss:0.1993 | excess:1245.411 | morphing:true
2026-03-03T07:41:58.198Z | fps:40.0 | update:0.00ms | render:5.10ms | loss:1.20ms | stroke:2544.3 | ratio:5.378 | ink:0.7208 | maskedLoss:0.1977 | excess:1235.482 | morphing:true
2026-03-03T07:41:59.198Z | fps:40.0 | update:0.00ms | render:5.50ms | loss:0.60ms | stroke:2534.0 | ratio:5.356 | ink:0.7208 | maskedLoss:0.1962 | excess:1225.840 | morphing:true
2026-03-03T07:42:00.199Z | fps:40.0 | update:0.00ms | render:5.60ms | loss:1.20ms | stroke:2523.9 | ratio:5.335 | ink:0.7208 | maskedLoss:0.1947 | excess:1216.466 | morphing:true
2026-03-03T07:42:01.199Z | fps:40.0 | update:0.00ms | render:4.40ms | loss:1.50ms | stroke:2514.2 | ratio:5.315 | ink:0.7208 | maskedLoss:0.1932 | excess:1207.329 | morphing:true
2026-03-03T07:42:02.200Z | fps:40.0 | update:0.00ms | render:5.00ms | loss:1.10ms | stroke:2504.7 | ratio:5.295 | ink:0.7208 | maskedLoss:0.1918 | excess:1198.599 | morphing:true
2026-03-03T07:42:03.200Z | fps:40.0 | update:0.00ms | render:5.90ms | loss:0.70ms | stroke:2495.5 | ratio:5.275 | ink:0.7208 | maskedLoss:0.1904 | excess:1190.122 | morphing:true
2026-03-03T07:42:04.200Z | fps:40.0 | update:0.00ms | render:5.00ms | loss:1.20ms | stroke:2486.4 | ratio:5.256 | ink:0.7208 | maskedLoss:0.1890 | excess:1181.816 | morphing:true
2026-03-03T07:42:05.201Z | fps:40.0 | update:0.00ms | render:5.30ms | loss:1.70ms | stroke:2477.5 | ratio:5.237 | ink:0.7208 | maskedLoss:0.1877 | excess:1173.664 | morphing:true
2026-03-03T07:42:06.201Z | fps:40.0 | update:0.00ms | render:5.40ms | loss:0.80ms | stroke:2468.9 | ratio:5.219 | ink:0.7208 | maskedLoss:0.1864 | excess:1165.716 | morphing:true
2026-03-03T07:42:07.202Z | fps:40.0 | update:0.00ms | render:5.90ms | loss:0.80ms | stroke:2460.4 | ratio:5.201 | ink:0.7208 | maskedLoss:0.1852 | excess:1157.963 | morphing:true
2026-03-03T07:42:08.202Z | fps:40.0 | update:0.00ms | render:5.80ms | loss:1.20ms | stroke:2452.1 | ratio:5.184 | ink:0.7208 | maskedLoss:0.1839 | excess:1150.373 | morphing:true
2026-03-03T07:42:09.228Z | fps:40.0 | update:0.00ms | render:5.40ms | loss:1.50ms | stroke:2443.9 | ratio:5.166 | ink:0.7208 | maskedLoss:0.1827 | excess:1142.904 | morphing:true
2026-03-03T07:42:10.255Z | fps:39.9 | update:0.00ms | render:5.40ms | loss:1.10ms | stroke:2435.9 | ratio:5.149 | ink:0.7208 | maskedLoss:0.1814 | excess:1134.761 | morphing:true
2026-03-03T07:42:11.257Z | fps:39.9 | update:0.00ms | render:5.30ms | loss:1.30ms | stroke:2428.0 | ratio:5.133 | ink:0.7208 | maskedLoss:0.1803 | excess:1127.563 | morphing:true
2026-03-03T07:42:13.056Z | fps:20.6 | update:0.00ms | render:4.70ms | loss:0.80ms | stroke:2420.2 | ratio:5.116 | ink:0.7208 | maskedLoss:0.1792 | excess:1121.263 | morphing:true
2026-03-03T07:42:14.079Z | fps:40.1 | update:0.00ms | render:5.70ms | loss:1.60ms | stroke:2412.6 | ratio:5.100 | ink:0.7208 | maskedLoss:0.1781 | excess:1114.298 | morphing:true
2026-03-03T07:42:15.079Z | fps:40.0 | update:0.00ms | render:4.40ms | loss:0.90ms | stroke:2575.2 | ratio:5.444 | ink:0.7220 | maskedLoss:0.2054 | excess:1274.177 | morphing:true
2026-03-03T07:42:16.080Z | fps:40.0 | update:0.00ms | render:5.30ms | loss:0.80ms | stroke:2673.6 | ratio:5.652 | ink:0.7376 | maskedLoss:0.2219 | excess:1371.559 | morphing:true
2026-03-03T07:42:17.081Z | fps:40.0 | update:0.00ms | render:4.70ms | loss:1.00ms | stroke:2836.4 | ratio:5.996 | ink:0.7490 | maskedLoss:0.2489 | excess:1533.282 | morphing:true
2026-03-03T07:42:18.081Z | fps:40.0 | update:0.00ms | render:5.20ms | loss:1.40ms | stroke:2859.2 | ratio:6.044 | ink:0.7546 | maskedLoss:0.2522 | excess:1554.328 | morphing:true
2026-03-03T07:42:19.081Z | fps:40.0 | update:0.00ms | render:5.40ms | loss:0.80ms | stroke:2961.0 | ratio:6.259 | ink:0.7591 | maskedLoss:0.2688 | excess:1655.652 | morphing:true
2026-03-03T07:42:20.085Z | fps:39.8 | update:0.00ms | render:6.00ms | loss:1.10ms | stroke:2944.2 | ratio:6.224 | ink:0.7598 | maskedLoss:0.2660 | excess:1638.814 | morphing:true
2026-03-03T07:42:21.086Z | fps:10.0 | update:0.00ms | render:1.40ms | loss:0.70ms | stroke:2937.5 | ratio:6.210 | ink:0.7598 | maskedLoss:0.2645 | excess:1629.064 | morphing:true
2026-03-03T07:42:23.290Z | fps:6.8 | update:0.00ms | render:2.80ms | loss:0.40ms | stroke:2925.9 | ratio:6.185 | ink:0.7598 | maskedLoss:0.2630 | excess:1620.499 | morphing:true
2026-03-03T07:42:24.311Z | fps:40.2 | update:0.00ms | render:4.90ms | loss:0.40ms | stroke:2900.3 | ratio:6.131 | ink:0.7598 | maskedLoss:0.2584 | excess:1592.517 | morphing:true
2026-03-03T07:42:55.491Z | fps:1.3 | update:0.00ms | render:5.30ms | loss:0.70ms | stroke:2875.8 | ratio:6.079 | ink:0.7598 | maskedLoss:0.2547 | excess:1570.396 | morphing:true
2026-03-03T07:42:56.495Z | fps:40.8 | update:0.00ms | render:6.40ms | loss:0.60ms | stroke:2855.8 | ratio:6.037 | ink:0.7598 | maskedLoss:0.2514 | excess:1550.375 | morphing:true
2026-03-03T07:43:15.449Z | fps:0.3 | update:0.00ms | render:1.10ms | loss:0.00ms | stroke:2853.9 | ratio:6.033 | ink:0.7598 | maskedLoss:0.2508 | excess:1546.566 | morphing:true
2026-03-03T07:43:16.452Z | fps:40.9 | update:0.00ms | render:7.90ms | loss:0.80ms | stroke:2833.7 | ratio:5.990 | ink:0.7598 | maskedLoss:0.2477 | excess:1528.292 | morphing:true
[target-loaded] mambo=3 scale=0.83 offset=(63,8) size=34x45 fullMamboBlack=606.9
[timer-start] duration=1.2s
[init] field=120x54
2026-03-03T07:43:18.354Z | fps:41.8 | update:0.00ms | render:10.70ms | loss:6.70ms | stroke:0.0 | ratio:0.000 | ink:0.0275 | maskedLoss:0.0172 | excess:111.306 | morphing:false
[morph-start] ink=0.0320 mambo=3 initLoss=0.0230 level=0
2026-03-03T07:43:19.362Z | fps:33.7 | update:0.00ms | render:5.40ms | loss:0.70ms | stroke:171.9 | ratio:0.283 | ink:0.0484 | maskedLoss:0.0198 | excess:63.469 | morphing:true
2026-03-03T07:43:20.375Z | fps:36.5 | update:0.00ms | render:4.90ms | loss:1.10ms | stroke:313.7 | ratio:0.517 | ink:0.1144 | maskedLoss:0.0315 | excess:102.012 | morphing:true
[pyramid-advance] level=1 loss=0.0246
2026-03-03T07:43:21.379Z | fps:34.9 | update:0.00ms | render:4.30ms | loss:0.20ms | stroke:296.7 | ratio:0.489 | ink:0.1144 | maskedLoss:0.0276 | excess:91.878 | morphing:true
2026-03-03T07:43:22.380Z | fps:40.0 | update:0.00ms | render:5.00ms | loss:0.90ms | stroke:459.2 | ratio:0.757 | ink:0.1667 | maskedLoss:0.0673 | excess:221.900 | morphing:true
2026-03-03T07:43:23.380Z | fps:40.0 | update:0.00ms | render:5.50ms | loss:0.80ms | stroke:606.3 | ratio:0.999 | ink:0.1968 | maskedLoss:0.0798 | excess:263.423 | morphing:true
[pyramid-advance] level=2 loss=0.0821
2026-03-03T07:43:24.383Z | fps:39.9 | update:0.00ms | render:6.10ms | loss:0.80ms | stroke:693.8 | ratio:1.143 | ink:0.2140 | maskedLoss:0.1005 | excess:324.918 | morphing:true
2026-03-03T07:43:25.407Z | fps:40.1 | update:0.00ms | render:5.60ms | loss:0.90ms | stroke:819.9 | ratio:1.351 | ink:0.2315 | maskedLoss:0.1140 | excess:368.478 | morphing:true
[pyramid-advance] level=3 loss=0.1090
2026-03-03T07:43:26.407Z | fps:40.0 | update:0.00ms | render:5.60ms | loss:1.50ms | stroke:904.6 | ratio:1.491 | ink:0.2534 | maskedLoss:0.1257 | excess:408.745 | morphing:true
2026-03-03T07:43:27.408Z | fps:40.0 | update:0.00ms | render:6.50ms | loss:1.90ms | stroke:919.4 | ratio:1.515 | ink:0.2538 | maskedLoss:0.1247 | excess:405.790 | morphing:true
2026-03-03T07:43:28.433Z | fps:40.0 | update:0.00ms | render:5.80ms | loss:1.80ms | stroke:1023.6 | ratio:1.687 | ink:0.2635 | maskedLoss:0.1353 | excess:446.641 | morphing:true
2026-03-03T07:43:29.458Z | fps:40.0 | update:0.00ms | render:5.70ms | loss:0.90ms | stroke:1142.0 | ratio:1.882 | ink:0.2832 | maskedLoss:0.1497 | excess:510.452 | morphing:true
2026-03-03T07:43:30.459Z | fps:40.0 | update:0.00ms | render:6.10ms | loss:1.80ms | stroke:1124.7 | ratio:1.853 | ink:0.2832 | maskedLoss:0.1438 | excess:488.272 | morphing:true
2026-03-03T07:43:31.460Z | fps:40.0 | update:0.00ms | render:5.50ms | loss:1.60ms | stroke:1111.2 | ratio:1.831 | ink:0.2832 | maskedLoss:0.1393 | excess:471.348 | morphing:true
2026-03-03T07:43:32.484Z | fps:40.0 | update:0.00ms | render:5.60ms | loss:1.30ms | stroke:1098.9 | ratio:1.811 | ink:0.2832 | maskedLoss:0.1353 | excess:456.963 | morphing:true
2026-03-03T07:43:33.485Z | fps:40.0 | update:0.00ms | render:6.10ms | loss:1.30ms | stroke:1089.4 | ratio:1.795 | ink:0.2832 | maskedLoss:0.1317 | excess:443.916 | morphing:true
2026-03-03T07:43:34.485Z | fps:40.0 | update:0.00ms | render:6.30ms | loss:1.60ms | stroke:1081.1 | ratio:1.781 | ink:0.2832 | maskedLoss:0.1285 | excess:432.189 | morphing:true
2026-03-03T07:43:35.485Z | fps:40.0 | update:0.00ms | render:6.80ms | loss:1.50ms | stroke:1073.9 | ratio:1.770 | ink:0.2832 | maskedLoss:0.1255 | excess:421.350 | morphing:true
2026-03-03T07:43:36.485Z | fps:40.0 | update:0.00ms | render:6.00ms | loss:1.30ms | stroke:1067.6 | ratio:1.759 | ink:0.2832 | maskedLoss:0.1227 | excess:411.353 | morphing:true
2026-03-03T07:43:37.486Z | fps:40.0 | update:0.00ms | render:6.40ms | loss:1.30ms | stroke:1062.0 | ratio:1.750 | ink:0.2832 | maskedLoss:0.1201 | excess:402.234 | morphing:true
2026-03-03T07:43:49.880Z | fps:2.0 | update:0.00ms | render:3.90ms | loss:0.90ms | stroke:1058.8 | ratio:1.745 | ink:0.2832 | maskedLoss:0.1187 | excess:397.099 | morphing:true
2026-03-03T07:44:17.738Z | fps:0.2 | update:0.00ms | render:0.60ms | loss:0.30ms | stroke:1058.3 | ratio:1.744 | ink:0.2832 | maskedLoss:0.1184 | excess:396.273 | morphing:true
2026-03-03T07:44:18.752Z | fps:40.4 | update:0.00ms | render:4.80ms | loss:1.60ms | stroke:1053.1 | ratio:1.735 | ink:0.2832 | maskedLoss:0.1160 | excess:387.325 | morphing:true
2026-03-03T07:44:19.753Z | fps:40.0 | update:0.00ms | render:5.20ms | loss:1.60ms | stroke:1233.5 | ratio:2.033 | ink:0.2911 | maskedLoss:0.1359 | excess:486.201 | morphing:true
2026-03-03T07:44:20.754Z | fps:39.9 | update:0.00ms | render:4.60ms | loss:1.20ms | stroke:1209.8 | ratio:1.994 | ink:0.2911 | maskedLoss:0.1303 | excess:462.563 | morphing:true
2026-03-03T07:44:26.139Z | fps:3.7 | update:0.00ms | render:2.60ms | loss:0.90ms | stroke:1200.8 | ratio:1.979 | ink:0.2911 | maskedLoss:0.1281 | excess:453.309 | morphing:true
2026-03-03T07:44:27.155Z | fps:40.4 | update:0.00ms | render:5.70ms | loss:0.90ms | stroke:1184.0 | ratio:1.951 | ink:0.2911 | maskedLoss:0.1241 | excess:437.338 | morphing:true
2026-03-03T07:44:28.155Z | fps:40.0 | update:0.00ms | render:4.80ms | loss:1.30ms | stroke:1203.0 | ratio:1.982 | ink:0.3001 | maskedLoss:0.1245 | excess:443.079 | morphing:true
2026-03-03T07:44:29.155Z | fps:40.0 | update:0.00ms | render:5.60ms | loss:0.90ms | stroke:1222.2 | ratio:2.014 | ink:0.3073 | maskedLoss:0.1271 | excess:456.246 | morphing:true
2026-03-03T07:44:30.180Z | fps:40.0 | update:0.00ms | render:5.00ms | loss:1.50ms | stroke:1275.9 | ratio:2.102 | ink:0.3244 | maskedLoss:0.1358 | excess:498.458 | morphing:true
2026-03-03T07:44:31.181Z | fps:40.0 | update:0.00ms | render:4.80ms | loss:1.40ms | stroke:1284.9 | ratio:2.117 | ink:0.3294 | maskedLoss:0.1368 | excess:504.435 | morphing:true
2026-03-03T07:44:32.181Z | fps:40.0 | update:0.00ms | render:4.50ms | loss:1.80ms | stroke:1291.6 | ratio:2.128 | ink:0.3301 | maskedLoss:0.1370 | excess:506.873 | morphing:true
2026-03-03T07:44:39.896Z | fps:0.9 | update:0.00ms | render:0.90ms | loss:0.10ms | stroke:1289.5 | ratio:2.125 | ink:0.3301 | maskedLoss:0.1365 | excess:504.637 | morphing:true
2026-03-03T07:44:46.823Z | fps:0.7 | update:0.00ms | render:1.40ms | loss:0.20ms | stroke:1288.4 | ratio:2.123 | ink:0.3301 | maskedLoss:0.1363 | excess:503.545 | morphing:true
2026-03-03T07:44:47.837Z | fps:40.4 | update:0.00ms | render:5.90ms | loss:1.60ms | stroke:1278.0 | ratio:2.106 | ink:0.3301 | maskedLoss:0.1340 | excess:493.405 | morphing:true
2026-03-03T07:45:22.462Z | fps:0.1 | update:0.00ms | render:0.90ms | loss:0.20ms | stroke:1277.0 | ratio:2.104 | ink:0.3301 | maskedLoss:0.1336 | excess:491.318 | morphing:true
2026-03-03T07:45:23.478Z | fps:39.4 | update:0.00ms | render:5.60ms | loss:0.80ms | stroke:1267.4 | ratio:2.088 | ink:0.3301 | maskedLoss:0.1316 | excess:482.058 | morphing:true
2026-03-03T07:45:24.501Z | fps:40.1 | update:0.00ms | render:5.90ms | loss:1.50ms | stroke:1337.1 | ratio:2.203 | ink:0.3374 | maskedLoss:0.1418 | excess:536.221 | morphing:true
2026-03-03T07:45:25.503Z | fps:39.9 | update:0.00ms | render:5.80ms | loss:1.40ms | stroke:1325.6 | ratio:2.184 | ink:0.3374 | maskedLoss:0.1394 | excess:524.721 | morphing:true
2026-03-03T07:45:27.312Z | fps:0.6 | update:0.00ms | render:0.00ms | loss:0.10ms | stroke:1325.6 | ratio:2.184 | ink:0.3374 | maskedLoss:0.1394 | excess:524.721 | morphing:true
[target-loaded] mambo=3 fullMamboBlack=2571.2 levels=4
[timer-start] duration=1.0s
[init] field=120x54
2026-03-03T07:45:37.857Z | fps:40.6 | update:0.00ms | render:6.40ms | loss:5.50ms | stroke:0.0 | ratio:0.000 | ink:0.0000 | maskedLoss:0.0000 | excess:0.000 | morphing:false
[target-loaded] mambo=0 fullMamboBlack=2940.4 levels=4
[timer-start] duration=1.8s
[init] field=120x54
2026-03-03T07:45:37.882Z | fps:41.6 | update:0.00ms | render:4.60ms | loss:5.00ms | stroke:0.0 | ratio:0.000 | ink:0.0000 | maskedLoss:0.0000 | excess:0.000 | morphing:false
2026-03-03T07:45:40.219Z | fps:12.0 | update:0.00ms | render:2.00ms | loss:1.90ms | stroke:0.0 | ratio:0.000 | ink:0.0000 | maskedLoss:0.0000 | excess:0.000 | morphing:false
2026-03-03T07:45:40.218Z | fps:12.3 | update:0.00ms | render:4.60ms | loss:1.70ms | stroke:0.0 | ratio:0.000 | ink:0.0000 | maskedLoss:0.0000 | excess:0.000 | morphing:false
2026-03-03T07:45:41.234Z | fps:40.4 | update:0.00ms | render:4.80ms | loss:2.30ms | stroke:0.0 | ratio:0.000 | ink:0.0000 | maskedLoss:0.0000 | excess:0.000 | morphing:false
2026-03-03T07:45:41.235Z | fps:40.4 | update:0.00ms | render:2.60ms | loss:2.30ms | stroke:0.0 | ratio:0.000 | ink:0.0000 | maskedLoss:0.0000 | excess:0.000 | morphing:false
2026-03-03T07:45:43.438Z | fps:5.0 | update:0.00ms | render:2.00ms | loss:1.30ms | stroke:0.0 | ratio:0.000 | ink:0.0000 | maskedLoss:0.0000 | excess:0.000 | morphing:false
2026-03-03T07:45:43.439Z | fps:5.0 | update:0.00ms | render:1.10ms | loss:0.90ms | stroke:0.0 | ratio:0.000 | ink:0.0000 | maskedLoss:0.0000 | excess:0.000 | morphing:false
[target-loaded] mambo=3 fullMamboBlack=2571.2 levels=4
[timer-start] duration=1.1s
[init] field=120x54
2026-03-03T07:45:45.534Z | fps:39.7 | update:0.00ms | render:9.20ms | loss:2.60ms | stroke:0.0 | ratio:0.000 | ink:0.0000 | maskedLoss:0.0000 | excess:0.000 | morphing:false
2026-03-03T07:45:46.535Z | fps:40.0 | update:0.00ms | render:6.30ms | loss:2.80ms | stroke:0.0 | ratio:0.000 | ink:0.0000 | maskedLoss:0.0000 | excess:0.000 | morphing:false
[morph-start] ink=0.0124 mambo=3 initLoss=0.0054 level=0
2026-03-03T07:45:47.552Z | fps:39.3 | update:0.00ms | render:7.20ms | loss:3.40ms | stroke:151.7 | ratio:0.059 | ink:0.0529 | maskedLoss:0.0277 | excess:88.712 | morphing:true
2026-03-03T07:45:48.576Z | fps:40.1 | update:0.00ms | render:4.60ms | loss:0.70ms | stroke:204.0 | ratio:0.079 | ink:0.0826 | maskedLoss:0.0325 | excess:104.601 | morphing:true
[pyramid-advance] level=1 loss=0.0308
2026-03-03T07:45:49.616Z | fps:39.4 | update:0.00ms | render:4.50ms | loss:1.20ms | stroke:266.9 | ratio:0.104 | ink:0.1128 | maskedLoss:0.0320 | excess:104.152 | morphing:true
2026-03-03T07:45:50.643Z | fps:40.9 | update:0.00ms | render:5.50ms | loss:0.80ms | stroke:357.4 | ratio:0.139 | ink:0.1375 | maskedLoss:0.0351 | excess:114.199 | morphing:true
2026-03-03T07:45:51.643Z | fps:40.0 | update:0.00ms | render:5.30ms | loss:1.50ms | stroke:386.6 | ratio:0.150 | ink:0.1455 | maskedLoss:0.0291 | excess:94.736 | morphing:true
[pyramid-advance] level=2 loss=0.0339
2026-03-03T07:45:52.645Z | fps:39.9 | update:0.00ms | render:4.70ms | loss:1.50ms | stroke:507.6 | ratio:0.197 | ink:0.1809 | maskedLoss:0.0417 | excess:136.464 | morphing:true
2026-03-03T07:45:53.663Z | fps:40.3 | update:0.00ms | render:6.20ms | loss:2.00ms | stroke:507.6 | ratio:0.197 | ink:0.1809 | maskedLoss:0.0376 | excess:123.256 | morphing:true
[pyramid-advance] level=3 loss=0.0397
2026-03-03T07:45:54.663Z | fps:40.0 | update:0.00ms | render:6.50ms | loss:1.00ms | stroke:608.8 | ratio:0.237 | ink:0.2033 | maskedLoss:0.0567 | excess:183.691 | morphing:true
2026-03-03T07:45:55.663Z | fps:40.0 | update:0.00ms | render:6.20ms | loss:1.60ms | stroke:634.7 | ratio:0.247 | ink:0.2079 | maskedLoss:0.0595 | excess:192.864 | morphing:true
2026-03-03T07:45:56.663Z | fps:40.0 | update:0.00ms | render:4.90ms | loss:1.60ms | stroke:648.5 | ratio:0.252 | ink:0.2089 | maskedLoss:0.0602 | excess:195.183 | morphing:true
2026-03-03T07:45:57.664Z | fps:40.0 | update:0.00ms | render:5.50ms | loss:1.70ms | stroke:732.8 | ratio:0.285 | ink:0.2364 | maskedLoss:0.0704 | excess:228.145 | morphing:true
2026-03-03T07:45:58.664Z | fps:40.0 | update:0.00ms | render:4.90ms | loss:1.60ms | stroke:732.8 | ratio:0.285 | ink:0.2364 | maskedLoss:0.0673 | excess:218.139 | morphing:true
2026-03-03T07:45:59.664Z | fps:40.0 | update:0.00ms | render:5.90ms | loss:1.00ms | stroke:732.8 | ratio:0.285 | ink:0.2364 | maskedLoss:0.0649 | excess:210.347 | morphing:true
2026-03-03T07:46:00.665Z | fps:40.0 | update:0.00ms | render:6.60ms | loss:1.60ms | stroke:829.5 | ratio:0.323 | ink:0.2650 | maskedLoss:0.0748 | excess:242.215 | morphing:true
2026-03-03T07:46:01.692Z | fps:39.9 | update:0.00ms | render:4.90ms | loss:1.00ms | stroke:1353.9 | ratio:0.527 | ink:0.3928 | maskedLoss:0.1439 | excess:466.306 | morphing:true
2026-03-03T07:46:02.692Z | fps:40.0 | update:0.00ms | render:5.20ms | loss:1.10ms | stroke:1501.6 | ratio:0.584 | ink:0.4187 | maskedLoss:0.1551 | excess:502.479 | morphing:true
2026-03-03T07:46:03.694Z | fps:39.9 | update:0.00ms | render:5.00ms | loss:1.20ms | stroke:1635.0 | ratio:0.636 | ink:0.4455 | maskedLoss:0.1621 | excess:525.315 | morphing:true
2026-03-03T07:46:04.716Z | fps:40.1 | update:0.00ms | render:5.60ms | loss:1.50ms | stroke:1840.3 | ratio:0.716 | ink:0.5006 | maskedLoss:0.1634 | excess:529.493 | morphing:true
2026-03-03T07:46:05.717Z | fps:40.0 | update:0.00ms | render:5.60ms | loss:1.40ms | stroke:1958.4 | ratio:0.762 | ink:0.5170 | maskedLoss:0.1502 | excess:486.525 | morphing:true
2026-03-03T07:46:06.717Z | fps:40.0 | update:0.00ms | render:5.10ms | loss:1.90ms | stroke:2080.5 | ratio:0.809 | ink:0.5341 | maskedLoss:0.1396 | excess:452.416 | morphing:true
2026-03-03T07:46:07.718Z | fps:40.0 | update:0.00ms | render:5.70ms | loss:1.70ms | stroke:2139.8 | ratio:0.832 | ink:0.5469 | maskedLoss:0.1239 | excess:401.425 | morphing:true
2026-03-03T07:46:08.743Z | fps:40.0 | update:0.00ms | render:6.00ms | loss:1.30ms | stroke:2198.8 | ratio:0.855 | ink:0.5547 | maskedLoss:0.1181 | excess:382.612 | morphing:true
2026-03-03T07:46:09.744Z | fps:40.0 | update:0.00ms | render:6.60ms | loss:1.50ms | stroke:2198.7 | ratio:0.855 | ink:0.5547 | maskedLoss:0.1111 | excess:359.818 | morphing:true
2026-03-03T07:46:11.042Z | fps:15.4 | update:0.00ms | render:3.00ms | loss:0.80ms | stroke:2198.7 | ratio:0.855 | ink:0.5547 | maskedLoss:0.1079 | excess:349.529 | morphing:true
2026-03-03T07:46:12.044Z | fps:40.9 | update:0.00ms | render:5.70ms | loss:0.70ms | stroke:2198.7 | ratio:0.855 | ink:0.5547 | maskedLoss:0.1017 | excess:329.568 | morphing:true
2026-03-03T07:46:24.015Z | fps:0.6 | update:0.00ms | render:1.60ms | loss:0.30ms | stroke:2198.7 | ratio:0.855 | ink:0.5547 | maskedLoss:0.1005 | excess:325.590 | morphing:true
[target-loaded] mambo=1 fullMamboBlack=979.3 levels=4
[timer-start] duration=1.5s
[init] field=120x54
2026-03-03T07:46:26.000Z | fps:39.3 | update:0.00ms | render:8.70ms | loss:4.00ms | stroke:0.0 | ratio:0.000 | ink:0.0131 | maskedLoss:0.0064 | excess:41.428 | morphing:false
[morph-start] ink=0.0265 mambo=1 initLoss=0.0123 level=0
2026-03-03T07:46:27.014Z | fps:39.4 | update:0.00ms | render:6.20ms | loss:0.90ms | stroke:100.7 | ratio:0.103 | ink:0.0387 | maskedLoss:0.0168 | excess:60.335 | morphing:true
2026-03-03T07:46:28.035Z | fps:40.2 | update:0.00ms | render:5.50ms | loss:0.30ms | stroke:368.5 | ratio:0.376 | ink:0.1279 | maskedLoss:0.0378 | excess:142.450 | morphing:true
[pyramid-advance] level=1 loss=0.0376
2026-03-03T07:46:29.062Z | fps:39.9 | update:0.00ms | render:5.10ms | loss:0.50ms | stroke:500.0 | ratio:0.511 | ink:0.1833 | maskedLoss:0.0619 | excess:201.339 | morphing:true
2026-03-03T07:46:30.070Z | fps:39.7 | update:0.00ms | render:5.30ms | loss:1.00ms | stroke:595.2 | ratio:0.608 | ink:0.1989 | maskedLoss:0.0609 | excess:198.529 | morphing:true
[pyramid-advance] level=2 loss=0.0537
2026-03-03T07:46:31.076Z | fps:40.7 | update:0.00ms | render:6.00ms | loss:1.20ms | stroke:598.2 | ratio:0.611 | ink:0.1998 | maskedLoss:0.0694 | excess:220.946 | morphing:true
2026-03-03T07:46:32.088Z | fps:39.5 | update:0.00ms | render:5.80ms | loss:0.90ms | stroke:655.1 | ratio:0.669 | ink:0.2121 | maskedLoss:0.0476 | excess:149.929 | morphing:true
2026-03-03T07:46:33.102Z | fps:40.4 | update:0.00ms | render:4.60ms | loss:1.30ms | stroke:671.9 | ratio:0.686 | ink:0.2165 | maskedLoss:0.0471 | excess:148.174 | morphing:true
[pyramid-advance] level=3 loss=0.0567
2026-03-03T07:46:34.110Z | fps:39.7 | update:0.00ms | render:5.60ms | loss:1.10ms | stroke:727.1 | ratio:0.743 | ink:0.2313 | maskedLoss:0.0550 | excess:178.160 | morphing:true
2026-03-03T07:46:35.128Z | fps:40.3 | update:0.00ms | render:6.50ms | loss:1.30ms | stroke:805.3 | ratio:0.822 | ink:0.2538 | maskedLoss:0.0523 | excess:169.540 | morphing:true
2026-03-03T07:46:46.623Z | fps:1.4 | update:0.00ms | render:2.40ms | loss:0.40ms | stroke:805.3 | ratio:0.822 | ink:0.2538 | maskedLoss:0.0502 | excess:162.770 | morphing:true
[target-loaded] mambo=1 fullMamboBlack=979.3 levels=4
[timer-start] duration=1.3s
[init] field=120x54
2026-03-03T07:46:48.409Z | fps:39.4 | update:0.00ms | render:10.30ms | loss:3.60ms | stroke:0.0 | ratio:0.000 | ink:0.0226 | maskedLoss:0.0104 | excess:67.457 | morphing:false
[morph-start] ink=0.0701 mambo=1 initLoss=0.0368 level=0
2026-03-03T07:46:49.419Z | fps:39.6 | update:0.00ms | render:5.50ms | loss:1.10ms | stroke:336.5 | ratio:0.344 | ink:0.1073 | maskedLoss:0.0262 | excess:104.538 | morphing:true
2026-03-03T07:46:50.419Z | fps:40.0 | update:0.00ms | render:4.80ms | loss:0.70ms | stroke:329.4 | ratio:0.336 | ink:0.1073 | maskedLoss:0.0209 | excess:87.075 | morphing:true
[pyramid-advance] level=1 loss=0.0199
2026-03-03T07:46:51.450Z | fps:39.8 | update:0.00ms | render:4.30ms | loss:1.10ms | stroke:325.5 | ratio:0.332 | ink:0.1073 | maskedLoss:0.0218 | excess:71.345 | morphing:true
2026-03-03T07:46:52.459Z | fps:40.6 | update:0.00ms | render:4.00ms | loss:1.10ms | stroke:325.5 | ratio:0.332 | ink:0.1073 | maskedLoss:0.0189 | excess:61.673 | morphing:true
[pyramid-advance] level=2 loss=0.0175
2026-03-03T07:46:54.253Z | fps:18.4 | update:0.00ms | render:4.90ms | loss:0.50ms | stroke:325.5 | ratio:0.332 | ink:0.1073 | maskedLoss:0.0289 | excess:91.408 | morphing:true
2026-03-03T07:46:55.284Z | fps:39.7 | update:0.00ms | render:5.00ms | loss:1.30ms | stroke:325.5 | ratio:0.332 | ink:0.1073 | maskedLoss:0.0165 | excess:51.230 | morphing:true
2026-03-03T07:46:59.865Z | fps:5.2 | update:0.00ms | render:3.00ms | loss:0.50ms | stroke:325.5 | ratio:0.332 | ink:0.1073 | maskedLoss:0.0158 | excess:49.192 | morphing:true
[pyramid-advance] level=3 loss=0.0153
2026-03-03T07:47:00.876Z | fps:40.5 | update:0.00ms | render:5.40ms | loss:1.50ms | stroke:350.0 | ratio:0.357 | ink:0.1157 | maskedLoss:0.0173 | excess:55.966 | morphing:true
2026-03-03T07:47:01.883Z | fps:39.7 | update:0.00ms | render:5.50ms | loss:0.70ms | stroke:386.9 | ratio:0.395 | ink:0.1280 | maskedLoss:0.0202 | excess:65.508 | morphing:true
2026-03-03T07:47:02.889Z | fps:40.8 | update:0.00ms | render:6.00ms | loss:1.10ms | stroke:386.9 | ratio:0.395 | ink:0.1280 | maskedLoss:0.0174 | excess:56.341 | morphing:true
2026-03-03T07:47:03.914Z | fps:40.0 | update:0.00ms | render:5.50ms | loss:0.90ms | stroke:436.0 | ratio:0.445 | ink:0.1432 | maskedLoss:0.0244 | excess:79.146 | morphing:true
2026-03-03T07:47:04.914Z | fps:40.0 | update:0.00ms | render:4.60ms | loss:1.30ms | stroke:436.0 | ratio:0.445 | ink:0.1432 | maskedLoss:0.0207 | excess:66.936 | morphing:true
2026-03-03T07:47:05.914Z | fps:40.0 | update:0.00ms | render:5.40ms | loss:1.20ms | stroke:486.6 | ratio:0.497 | ink:0.1531 | maskedLoss:0.0266 | excess:86.132 | morphing:true
2026-03-03T07:47:06.915Z | fps:40.0 | update:0.00ms | render:5.40ms | loss:1.60ms | stroke:486.6 | ratio:0.497 | ink:0.1531 | maskedLoss:0.0219 | excess:70.856 | morphing:true
2026-03-03T07:47:07.916Z | fps:40.0 | update:0.00ms | render:5.60ms | loss:1.10ms | stroke:486.6 | ratio:0.497 | ink:0.1531 | maskedLoss:0.0192 | excess:62.120 | morphing:true
2026-03-03T07:47:08.941Z | fps:29.3 | update:0.00ms | render:3.60ms | loss:0.50ms | stroke:486.6 | ratio:0.497 | ink:0.1531 | maskedLoss:0.0177 | excess:57.442 | morphing:true
